CRITICAL - 2024-06-03 00:00:05 --> CodeIgniter\Database\Exceptions\DataException: There is no data to insert.
[Method: POST, Route: empleos]
in SYSTEMPATH/BaseModel.php on line 826.
 1 SYSTEMPATH/BaseModel.php(826): CodeIgniter\Database\Exceptions\DataException::forEmptyDataset('insert')
 2 SYSTEMPATH/Model.php(791): CodeIgniter\BaseModel->insert([], true)
 3 APPPATH/Controllers/Home.php(96): CodeIgniter\Model->insert(Object(stdClass))
 4 SYSTEMPATH/CodeIgniter.php(933): App\Controllers\Home->empleos_create()
 5 SYSTEMPATH/CodeIgniter.php(509): CodeIgniter\CodeIgniter->runController(Object(App\Controllers\Home))
 6 SYSTEMPATH/CodeIgniter.php(355): CodeIgniter\CodeIgniter->handleRequest(null, Object(Config\Cache), false)
 7 SYSTEMPATH/Boot.php(312): CodeIgniter\CodeIgniter->run()
 8 SYSTEMPATH/Boot.php(67): CodeIgniter\Boot::runCodeIgniter(Object(CodeIgniter\CodeIgniter))
 9 FCPATH/index.php(56): CodeIgniter\Boot::bootWeb(Object(Config\Paths))
CRITICAL - 2024-06-03 00:02:53 --> CodeIgniter\Database\Exceptions\DataException: There is no data to insert.
[Method: POST, Route: empleos]
in SYSTEMPATH/BaseModel.php on line 826.
 1 SYSTEMPATH/BaseModel.php(826): CodeIgniter\Database\Exceptions\DataException::forEmptyDataset('insert')
 2 SYSTEMPATH/Model.php(791): CodeIgniter\BaseModel->insert([], true)
 3 APPPATH/Controllers/Home.php(96): CodeIgniter\Model->insert(Object(stdClass))
 4 SYSTEMPATH/CodeIgniter.php(933): App\Controllers\Home->empleos_create()
 5 SYSTEMPATH/CodeIgniter.php(509): CodeIgniter\CodeIgniter->runController(Object(App\Controllers\Home))
 6 SYSTEMPATH/CodeIgniter.php(355): CodeIgniter\CodeIgniter->handleRequest(null, Object(Config\Cache), false)
 7 SYSTEMPATH/Boot.php(312): CodeIgniter\CodeIgniter->run()
 8 SYSTEMPATH/Boot.php(67): CodeIgniter\Boot::runCodeIgniter(Object(CodeIgniter\CodeIgniter))
 9 FCPATH/index.php(56): CodeIgniter\Boot::bootWeb(Object(Config\Paths))
CRITICAL - 2024-06-03 00:02:55 --> CodeIgniter\Database\Exceptions\DataException: There is no data to insert.
[Method: POST, Route: empleos]
in SYSTEMPATH/BaseModel.php on line 826.
 1 SYSTEMPATH/BaseModel.php(826): CodeIgniter\Database\Exceptions\DataException::forEmptyDataset('insert')
 2 SYSTEMPATH/Model.php(791): CodeIgniter\BaseModel->insert([], true)
 3 APPPATH/Controllers/Home.php(96): CodeIgniter\Model->insert(Object(stdClass))
 4 SYSTEMPATH/CodeIgniter.php(933): App\Controllers\Home->empleos_create()
 5 SYSTEMPATH/CodeIgniter.php(509): CodeIgniter\CodeIgniter->runController(Object(App\Controllers\Home))
 6 SYSTEMPATH/CodeIgniter.php(355): CodeIgniter\CodeIgniter->handleRequest(null, Object(Config\Cache), false)
 7 SYSTEMPATH/Boot.php(312): CodeIgniter\CodeIgniter->run()
 8 SYSTEMPATH/Boot.php(67): CodeIgniter\Boot::runCodeIgniter(Object(CodeIgniter\CodeIgniter))
 9 FCPATH/index.php(56): CodeIgniter\Boot::bootWeb(Object(Config\Paths))
ERROR - 2024-06-03 00:15:18 --> mysqli_sql_exception: Duplicate entry 'luis.hernandez@gmail.com' for key 'email' in /opt/lampp/htdocs/students/system/Database/MySQLi/Connection.php:308
Stack trace:
#0 /opt/lampp/htdocs/students/system/Database/MySQLi/Connection.php(308): mysqli->query('INSERT INTO `pe...', 0)
#1 /opt/lampp/htdocs/students/system/Database/BaseConnection.php(722): CodeIgniter\Database\MySQLi\Connection->execute('INSERT INTO `pe...')
#2 /opt/lampp/htdocs/students/system/Database/BaseConnection.php(636): CodeIgniter\Database\BaseConnection->simpleQuery('INSERT INTO `pe...')
#3 /opt/lampp/htdocs/students/system/Database/BaseBuilder.php(2325): CodeIgniter\Database\BaseConnection->query('INSERT INTO `pe...', Array, false)
#4 /opt/lampp/htdocs/students/system/Model.php(383): CodeIgniter\Database\BaseBuilder->insert()
#5 /opt/lampp/htdocs/students/system/BaseModel.php(840): CodeIgniter\Model->doInsert(Array)
#6 /opt/lampp/htdocs/students/system/Model.php(791): CodeIgniter\BaseModel->insert(Array, true)
#7 /opt/lampp/htdocs/students/app/Controllers/Home.php(53): CodeIgniter\Model->insert(Object(stdClass))
#8 /opt/lampp/htdocs/students/system/CodeIgniter.php(933): App\Controllers\Home->personas_create()
#9 /opt/lampp/htdocs/students/system/CodeIgniter.php(509): CodeIgniter\CodeIgniter->runController(Object(App\Controllers\Home))
#10 /opt/lampp/htdocs/students/system/CodeIgniter.php(355): CodeIgniter\CodeIgniter->handleRequest(NULL, Object(Config\Cache), false)
#11 /opt/lampp/htdocs/students/system/Boot.php(312): CodeIgniter\CodeIgniter->run()
#12 /opt/lampp/htdocs/students/system/Boot.php(67): CodeIgniter\Boot::runCodeIgniter(Object(CodeIgniter\CodeIgniter))
#13 /opt/lampp/htdocs/students/index.php(56): CodeIgniter\Boot::bootWeb(Object(Config\Paths))
#14 {main}
CRITICAL - 2024-06-03 00:15:18 --> CodeIgniter\Database\Exceptions\DatabaseException: Duplicate entry 'luis.hernandez@gmail.com' for key 'email'
[Method: POST, Route: personas]
in SYSTEMPATH/Database/BaseConnection.php on line 676.
 1 SYSTEMPATH/Database/BaseBuilder.php(2325): CodeIgniter\Database\BaseConnection->query('INSERT INTO `personas` (`nombre`, `apellido`, `edad`, `genero`, `email`, `telefono`, `direccion`) VALUES (:nombre:, :apellido:, :edad:, :genero:, :email:, :telefono:, :direccion:)', [...], false)
 2 SYSTEMPATH/Model.php(383): CodeIgniter\Database\BaseBuilder->insert()
 3 SYSTEMPATH/BaseModel.php(840): CodeIgniter\Model->doInsert([...])
 4 SYSTEMPATH/Model.php(791): CodeIgniter\BaseModel->insert([...], true)
 5 APPPATH/Controllers/Home.php(53): CodeIgniter\Model->insert(Object(stdClass))
 6 SYSTEMPATH/CodeIgniter.php(933): App\Controllers\Home->personas_create()
 7 SYSTEMPATH/CodeIgniter.php(509): CodeIgniter\CodeIgniter->runController(Object(App\Controllers\Home))
 8 SYSTEMPATH/CodeIgniter.php(355): CodeIgniter\CodeIgniter->handleRequest(null, Object(Config\Cache), false)
 9 SYSTEMPATH/Boot.php(312): CodeIgniter\CodeIgniter->run()
10 SYSTEMPATH/Boot.php(67): CodeIgniter\Boot::runCodeIgniter(Object(CodeIgniter\CodeIgniter))
11 FCPATH/index.php(56): CodeIgniter\Boot::bootWeb(Object(Config\Paths))
CRITICAL - 2024-06-03 00:15:18 --> [Caused by] CodeIgniter\Database\Exceptions\DatabaseException: Duplicate entry 'luis.hernandez@gmail.com' for key 'email'
in SYSTEMPATH/Database/MySQLi/Connection.php on line 313.
 1 SYSTEMPATH/Database/BaseConnection.php(722): CodeIgniter\Database\MySQLi\Connection->execute('INSERT INTO `personas` (`nombre`, `apellido`, `edad`, `genero`, `email`, `telefono`, `direccion`) VALUES (\'Luis\', \'Hernández\', 40, \'M\', \'luis.hernandez@gmail.com\', \'3344556677\', \'Avenida del Sol 202\')')
 2 SYSTEMPATH/Database/BaseConnection.php(636): CodeIgniter\Database\BaseConnection->simpleQuery('INSERT INTO `personas` (`nombre`, `apellido`, `edad`, `genero`, `email`, `telefono`, `direccion`) VALUES (\'Luis\', \'Hernández\', 40, \'M\', \'luis.hernandez@gmail.com\', \'3344556677\', \'Avenida del Sol 202\')')
 3 SYSTEMPATH/Database/BaseBuilder.php(2325): CodeIgniter\Database\BaseConnection->query('INSERT INTO `personas` (`nombre`, `apellido`, `edad`, `genero`, `email`, `telefono`, `direccion`) VALUES (:nombre:, :apellido:, :edad:, :genero:, :email:, :telefono:, :direccion:)', [...], false)
 4 SYSTEMPATH/Model.php(383): CodeIgniter\Database\BaseBuilder->insert()
 5 SYSTEMPATH/BaseModel.php(840): CodeIgniter\Model->doInsert([...])
 6 SYSTEMPATH/Model.php(791): CodeIgniter\BaseModel->insert([...], true)
 7 APPPATH/Controllers/Home.php(53): CodeIgniter\Model->insert(Object(stdClass))
 8 SYSTEMPATH/CodeIgniter.php(933): App\Controllers\Home->personas_create()
 9 SYSTEMPATH/CodeIgniter.php(509): CodeIgniter\CodeIgniter->runController(Object(App\Controllers\Home))
10 SYSTEMPATH/CodeIgniter.php(355): CodeIgniter\CodeIgniter->handleRequest(null, Object(Config\Cache), false)
11 SYSTEMPATH/Boot.php(312): CodeIgniter\CodeIgniter->run()
12 SYSTEMPATH/Boot.php(67): CodeIgniter\Boot::runCodeIgniter(Object(CodeIgniter\CodeIgniter))
13 FCPATH/index.php(56): CodeIgniter\Boot::bootWeb(Object(Config\Paths))
CRITICAL - 2024-06-03 00:15:18 --> [Caused by] mysqli_sql_exception: Duplicate entry 'luis.hernandez@gmail.com' for key 'email'
in SYSTEMPATH/Database/MySQLi/Connection.php on line 308.
 1 SYSTEMPATH/Database/MySQLi/Connection.php(308): mysqli->query('INSERT INTO `personas` (`nombre`, `apellido`, `edad`, `genero`, `email`, `telefono`, `direccion`) VALUES (\'Luis\', \'Hernández\', 40, \'M\', \'luis.hernandez@gmail.com\', \'3344556677\', \'Avenida del Sol 202\')', 0)
 2 SYSTEMPATH/Database/BaseConnection.php(722): CodeIgniter\Database\MySQLi\Connection->execute('INSERT INTO `personas` (`nombre`, `apellido`, `edad`, `genero`, `email`, `telefono`, `direccion`) VALUES (\'Luis\', \'Hernández\', 40, \'M\', \'luis.hernandez@gmail.com\', \'3344556677\', \'Avenida del Sol 202\')')
 3 SYSTEMPATH/Database/BaseConnection.php(636): CodeIgniter\Database\BaseConnection->simpleQuery('INSERT INTO `personas` (`nombre`, `apellido`, `edad`, `genero`, `email`, `telefono`, `direccion`) VALUES (\'Luis\', \'Hernández\', 40, \'M\', \'luis.hernandez@gmail.com\', \'3344556677\', \'Avenida del Sol 202\')')
 4 SYSTEMPATH/Database/BaseBuilder.php(2325): CodeIgniter\Database\BaseConnection->query('INSERT INTO `personas` (`nombre`, `apellido`, `edad`, `genero`, `email`, `telefono`, `direccion`) VALUES (:nombre:, :apellido:, :edad:, :genero:, :email:, :telefono:, :direccion:)', [...], false)
 5 SYSTEMPATH/Model.php(383): CodeIgniter\Database\BaseBuilder->insert()
 6 SYSTEMPATH/BaseModel.php(840): CodeIgniter\Model->doInsert([...])
 7 SYSTEMPATH/Model.php(791): CodeIgniter\BaseModel->insert([...], true)
 8 APPPATH/Controllers/Home.php(53): CodeIgniter\Model->insert(Object(stdClass))
 9 SYSTEMPATH/CodeIgniter.php(933): App\Controllers\Home->personas_create()
10 SYSTEMPATH/CodeIgniter.php(509): CodeIgniter\CodeIgniter->runController(Object(App\Controllers\Home))
11 SYSTEMPATH/CodeIgniter.php(355): CodeIgniter\CodeIgniter->handleRequest(null, Object(Config\Cache), false)
12 SYSTEMPATH/Boot.php(312): CodeIgniter\CodeIgniter->run()
13 SYSTEMPATH/Boot.php(67): CodeIgniter\Boot::runCodeIgniter(Object(CodeIgniter\CodeIgniter))
14 FCPATH/index.php(56): CodeIgniter\Boot::bootWeb(Object(Config\Paths))
WARNING - 2024-06-03 00:26:40 --> [DEPRECATED] Creation of dynamic property App\Controllers\Home::$db is deprecated in APPPATH/Controllers/Home.php on line 15.
 1 SYSTEMPATH/CodeIgniter.php(933): App\Controllers\Home->index()
 2 SYSTEMPATH/CodeIgniter.php(509): CodeIgniter\CodeIgniter->runController(Object(App\Controllers\Home))
 3 SYSTEMPATH/CodeIgniter.php(355): CodeIgniter\CodeIgniter->handleRequest(null, Object(Config\Cache), false)
 4 SYSTEMPATH/Boot.php(312): CodeIgniter\CodeIgniter->run()
 5 SYSTEMPATH/Boot.php(67): CodeIgniter\Boot::runCodeIgniter(Object(CodeIgniter\CodeIgniter))
 6 FCPATH/index.php(56): CodeIgniter\Boot::bootWeb(Object(Config\Paths))
WARNING - 2024-06-03 00:35:57 --> [DEPRECATED] Creation of dynamic property App\Controllers\Home::$db is deprecated in APPPATH/Controllers/Home.php on line 15.
 1 SYSTEMPATH/CodeIgniter.php(933): App\Controllers\Home->index()
 2 SYSTEMPATH/CodeIgniter.php(509): CodeIgniter\CodeIgniter->runController(Object(App\Controllers\Home))
 3 SYSTEMPATH/CodeIgniter.php(355): CodeIgniter\CodeIgniter->handleRequest(null, Object(Config\Cache), false)
 4 SYSTEMPATH/Boot.php(312): CodeIgniter\CodeIgniter->run()
 5 SYSTEMPATH/Boot.php(67): CodeIgniter\Boot::runCodeIgniter(Object(CodeIgniter\CodeIgniter))
 6 FCPATH/index.php(56): CodeIgniter\Boot::bootWeb(Object(Config\Paths))
WARNING - 2024-06-03 01:23:56 --> [DEPRECATED] Creation of dynamic property App\Controllers\Home::$db is deprecated in APPPATH/Controllers/Home.php on line 15.
 1 SYSTEMPATH/CodeIgniter.php(933): App\Controllers\Home->index()
 2 SYSTEMPATH/CodeIgniter.php(509): CodeIgniter\CodeIgniter->runController(Object(App\Controllers\Home))
 3 SYSTEMPATH/CodeIgniter.php(355): CodeIgniter\CodeIgniter->handleRequest(null, Object(Config\Cache), false)
 4 SYSTEMPATH/Boot.php(312): CodeIgniter\CodeIgniter->run()
 5 SYSTEMPATH/Boot.php(67): CodeIgniter\Boot::runCodeIgniter(Object(CodeIgniter\CodeIgniter))
 6 FCPATH/index.php(56): CodeIgniter\Boot::bootWeb(Object(Config\Paths))
WARNING - 2024-06-03 01:24:36 --> [DEPRECATED] Creation of dynamic property App\Controllers\Home::$db is deprecated in APPPATH/Controllers/Home.php on line 15.
 1 SYSTEMPATH/CodeIgniter.php(933): App\Controllers\Home->index()
 2 SYSTEMPATH/CodeIgniter.php(509): CodeIgniter\CodeIgniter->runController(Object(App\Controllers\Home))
 3 SYSTEMPATH/CodeIgniter.php(355): CodeIgniter\CodeIgniter->handleRequest(null, Object(Config\Cache), false)
 4 SYSTEMPATH/Boot.php(312): CodeIgniter\CodeIgniter->run()
 5 SYSTEMPATH/Boot.php(67): CodeIgniter\Boot::runCodeIgniter(Object(CodeIgniter\CodeIgniter))
 6 FCPATH/index.php(56): CodeIgniter\Boot::bootWeb(Object(Config\Paths))
