WARNING - 2024-06-08 08:54:23 --> [DEPRECATED] Creation of dynamic property App\Controllers\Home::$db is deprecated in APPPATH/Controllers/Home.php on line 15.
 1 SYSTEMPATH/CodeIgniter.php(933): App\Controllers\Home->index()
 2 SYSTEMPATH/CodeIgniter.php(509): CodeIgniter\CodeIgniter->runController(Object(App\Controllers\Home))
 3 SYSTEMPATH/CodeIgniter.php(355): CodeIgniter\CodeIgniter->handleRequest(null, Object(Config\Cache), false)
 4 SYSTEMPATH/Boot.php(312): CodeIgniter\CodeIgniter->run()
 5 SYSTEMPATH/Boot.php(67): CodeIgniter\Boot::runCodeIgniter(Object(CodeIgniter\CodeIgniter))
 6 FCPATH/index.php(56): CodeIgniter\Boot::bootWeb(Object(Config\Paths))
WARNING - 2024-06-08 08:55:20 --> [DEPRECATED] Creation of dynamic property App\Controllers\Home::$db is deprecated in APPPATH/Controllers/Home.php on line 15.
 1 SYSTEMPATH/CodeIgniter.php(933): App\Controllers\Home->index()
 2 SYSTEMPATH/CodeIgniter.php(509): CodeIgniter\CodeIgniter->runController(Object(App\Controllers\Home))
 3 SYSTEMPATH/CodeIgniter.php(355): CodeIgniter\CodeIgniter->handleRequest(null, Object(Config\Cache), false)
 4 SYSTEMPATH/Boot.php(312): CodeIgniter\CodeIgniter->run()
 5 SYSTEMPATH/Boot.php(67): CodeIgniter\Boot::runCodeIgniter(Object(CodeIgniter\CodeIgniter))
 6 FCPATH/index.php(56): CodeIgniter\Boot::bootWeb(Object(Config\Paths))
WARNING - 2024-06-08 08:59:40 --> [DEPRECATED] Creation of dynamic property App\Controllers\Home::$db is deprecated in APPPATH/Controllers/Home.php on line 15.
 1 SYSTEMPATH/CodeIgniter.php(933): App\Controllers\Home->index()
 2 SYSTEMPATH/CodeIgniter.php(509): CodeIgniter\CodeIgniter->runController(Object(App\Controllers\Home))
 3 SYSTEMPATH/CodeIgniter.php(355): CodeIgniter\CodeIgniter->handleRequest(null, Object(Config\Cache), false)
 4 SYSTEMPATH/Boot.php(312): CodeIgniter\CodeIgniter->run()
 5 SYSTEMPATH/Boot.php(67): CodeIgniter\Boot::runCodeIgniter(Object(CodeIgniter\CodeIgniter))
 6 FCPATH/index.php(56): CodeIgniter\Boot::bootWeb(Object(Config\Paths))
WARNING - 2024-06-08 09:00:07 --> [DEPRECATED] Creation of dynamic property App\Controllers\Home::$db is deprecated in APPPATH/Controllers/Home.php on line 15.
 1 SYSTEMPATH/CodeIgniter.php(933): App\Controllers\Home->index()
 2 SYSTEMPATH/CodeIgniter.php(509): CodeIgniter\CodeIgniter->runController(Object(App\Controllers\Home))
 3 SYSTEMPATH/CodeIgniter.php(355): CodeIgniter\CodeIgniter->handleRequest(null, Object(Config\Cache), false)
 4 SYSTEMPATH/Boot.php(312): CodeIgniter\CodeIgniter->run()
 5 SYSTEMPATH/Boot.php(67): CodeIgniter\Boot::runCodeIgniter(Object(CodeIgniter\CodeIgniter))
 6 FCPATH/index.php(56): CodeIgniter\Boot::bootWeb(Object(Config\Paths))
WARNING - 2024-06-08 09:00:16 --> [DEPRECATED] Creation of dynamic property App\Controllers\Home::$db is deprecated in APPPATH/Controllers/Home.php on line 15.
 1 SYSTEMPATH/CodeIgniter.php(933): App\Controllers\Home->index()
 2 SYSTEMPATH/CodeIgniter.php(509): CodeIgniter\CodeIgniter->runController(Object(App\Controllers\Home))
 3 SYSTEMPATH/CodeIgniter.php(355): CodeIgniter\CodeIgniter->handleRequest(null, Object(Config\Cache), false)
 4 SYSTEMPATH/Boot.php(312): CodeIgniter\CodeIgniter->run()
 5 SYSTEMPATH/Boot.php(67): CodeIgniter\Boot::runCodeIgniter(Object(CodeIgniter\CodeIgniter))
 6 FCPATH/index.php(56): CodeIgniter\Boot::bootWeb(Object(Config\Paths))
WARNING - 2024-06-08 09:03:01 --> [DEPRECATED] Creation of dynamic property App\Controllers\Home::$db is deprecated in APPPATH/Controllers/Home.php on line 15.
 1 SYSTEMPATH/CodeIgniter.php(933): App\Controllers\Home->index()
 2 SYSTEMPATH/CodeIgniter.php(509): CodeIgniter\CodeIgniter->runController(Object(App\Controllers\Home))
 3 SYSTEMPATH/CodeIgniter.php(355): CodeIgniter\CodeIgniter->handleRequest(null, Object(Config\Cache), false)
 4 SYSTEMPATH/Boot.php(312): CodeIgniter\CodeIgniter->run()
 5 SYSTEMPATH/Boot.php(67): CodeIgniter\Boot::runCodeIgniter(Object(CodeIgniter\CodeIgniter))
 6 FCPATH/index.php(56): CodeIgniter\Boot::bootWeb(Object(Config\Paths))
ERROR - 2024-06-08 09:06:41 --> mysqli_sql_exception: Cannot delete or update a parent row: a foreign key constraint fails (`db_data`.`empleos`, CONSTRAINT `empleos_ibfk_1` FOREIGN KEY (`id_persona`) REFERENCES `personas` (`id`)) in /opt/lampp/htdocs/students/system/Database/MySQLi/Connection.php:308
Stack trace:
#0 /opt/lampp/htdocs/students/system/Database/MySQLi/Connection.php(308): mysqli->query('DELETE FROM `pe...', 0)
#1 /opt/lampp/htdocs/students/system/Database/BaseConnection.php(722): CodeIgniter\Database\MySQLi\Connection->execute('DELETE FROM `pe...')
#2 /opt/lampp/htdocs/students/system/Database/BaseConnection.php(636): CodeIgniter\Database\BaseConnection->simpleQuery('DELETE FROM `pe...')
#3 /opt/lampp/htdocs/students/system/Database/BaseBuilder.php(2823): CodeIgniter\Database\BaseConnection->query('DELETE FROM `pe...', Array, false)
#4 /opt/lampp/htdocs/students/system/Model.php(510): CodeIgniter\Database\BaseBuilder->delete()
#5 /opt/lampp/htdocs/students/system/BaseModel.php(1158): CodeIgniter\Model->doDelete(Array, false)
#6 /opt/lampp/htdocs/students/app/Controllers/Home.php(96): CodeIgniter\BaseModel->delete(Array)
#7 /opt/lampp/htdocs/students/system/CodeIgniter.php(933): App\Controllers\Home->personas_delete('2')
#8 /opt/lampp/htdocs/students/system/CodeIgniter.php(509): CodeIgniter\CodeIgniter->runController(Object(App\Controllers\Home))
#9 /opt/lampp/htdocs/students/system/CodeIgniter.php(355): CodeIgniter\CodeIgniter->handleRequest(NULL, Object(Config\Cache), false)
#10 /opt/lampp/htdocs/students/system/Boot.php(312): CodeIgniter\CodeIgniter->run()
#11 /opt/lampp/htdocs/students/system/Boot.php(67): CodeIgniter\Boot::runCodeIgniter(Object(CodeIgniter\CodeIgniter))
#12 /opt/lampp/htdocs/students/index.php(56): CodeIgniter\Boot::bootWeb(Object(Config\Paths))
#13 {main}
CRITICAL - 2024-06-08 09:06:41 --> CodeIgniter\Database\Exceptions\DatabaseException: Cannot delete or update a parent row: a foreign key constraint fails (`db_data`.`empleos`, CONSTRAINT `empleos_ibfk_1` FOREIGN KEY (`id_persona`) REFERENCES `personas` (`id`))
[Method: DELETE, Route: personas/2]
in SYSTEMPATH/Database/BaseConnection.php on line 676.
 1 SYSTEMPATH/Database/BaseBuilder.php(2823): CodeIgniter\Database\BaseConnection->query('DELETE FROM `personas`
WHERE `id` IN :id:', [...], false)
 2 SYSTEMPATH/Model.php(510): CodeIgniter\Database\BaseBuilder->delete()
 3 SYSTEMPATH/BaseModel.php(1158): CodeIgniter\Model->doDelete([...], false)
 4 APPPATH/Controllers/Home.php(96): CodeIgniter\BaseModel->delete([...])
 5 SYSTEMPATH/CodeIgniter.php(933): App\Controllers\Home->personas_delete('2')
 6 SYSTEMPATH/CodeIgniter.php(509): CodeIgniter\CodeIgniter->runController(Object(App\Controllers\Home))
 7 SYSTEMPATH/CodeIgniter.php(355): CodeIgniter\CodeIgniter->handleRequest(null, Object(Config\Cache), false)
 8 SYSTEMPATH/Boot.php(312): CodeIgniter\CodeIgniter->run()
 9 SYSTEMPATH/Boot.php(67): CodeIgniter\Boot::runCodeIgniter(Object(CodeIgniter\CodeIgniter))
10 FCPATH/index.php(56): CodeIgniter\Boot::bootWeb(Object(Config\Paths))
CRITICAL - 2024-06-08 09:06:41 --> [Caused by] CodeIgniter\Database\Exceptions\DatabaseException: Cannot delete or update a parent row: a foreign key constraint fails (`db_data`.`empleos`, CONSTRAINT `empleos_ibfk_1` FOREIGN KEY (`id_persona`) REFERENCES `personas` (`id`))
in SYSTEMPATH/Database/MySQLi/Connection.php on line 313.
 1 SYSTEMPATH/Database/BaseConnection.php(722): CodeIgniter\Database\MySQLi\Connection->execute('DELETE FROM `personas`
WHERE `id` IN (\'2\')')
 2 SYSTEMPATH/Database/BaseConnection.php(636): CodeIgniter\Database\BaseConnection->simpleQuery('DELETE FROM `personas`
WHERE `id` IN (\'2\')')
 3 SYSTEMPATH/Database/BaseBuilder.php(2823): CodeIgniter\Database\BaseConnection->query('DELETE FROM `personas`
WHERE `id` IN :id:', [...], false)
 4 SYSTEMPATH/Model.php(510): CodeIgniter\Database\BaseBuilder->delete()
 5 SYSTEMPATH/BaseModel.php(1158): CodeIgniter\Model->doDelete([...], false)
 6 APPPATH/Controllers/Home.php(96): CodeIgniter\BaseModel->delete([...])
 7 SYSTEMPATH/CodeIgniter.php(933): App\Controllers\Home->personas_delete('2')
 8 SYSTEMPATH/CodeIgniter.php(509): CodeIgniter\CodeIgniter->runController(Object(App\Controllers\Home))
 9 SYSTEMPATH/CodeIgniter.php(355): CodeIgniter\CodeIgniter->handleRequest(null, Object(Config\Cache), false)
10 SYSTEMPATH/Boot.php(312): CodeIgniter\CodeIgniter->run()
11 SYSTEMPATH/Boot.php(67): CodeIgniter\Boot::runCodeIgniter(Object(CodeIgniter\CodeIgniter))
12 FCPATH/index.php(56): CodeIgniter\Boot::bootWeb(Object(Config\Paths))
CRITICAL - 2024-06-08 09:06:41 --> [Caused by] mysqli_sql_exception: Cannot delete or update a parent row: a foreign key constraint fails (`db_data`.`empleos`, CONSTRAINT `empleos_ibfk_1` FOREIGN KEY (`id_persona`) REFERENCES `personas` (`id`))
in SYSTEMPATH/Database/MySQLi/Connection.php on line 308.
 1 SYSTEMPATH/Database/MySQLi/Connection.php(308): mysqli->query('DELETE FROM `personas`
WHERE `id` IN (\'2\')', 0)
 2 SYSTEMPATH/Database/BaseConnection.php(722): CodeIgniter\Database\MySQLi\Connection->execute('DELETE FROM `personas`
WHERE `id` IN (\'2\')')
 3 SYSTEMPATH/Database/BaseConnection.php(636): CodeIgniter\Database\BaseConnection->simpleQuery('DELETE FROM `personas`
WHERE `id` IN (\'2\')')
 4 SYSTEMPATH/Database/BaseBuilder.php(2823): CodeIgniter\Database\BaseConnection->query('DELETE FROM `personas`
WHERE `id` IN :id:', [...], false)
 5 SYSTEMPATH/Model.php(510): CodeIgniter\Database\BaseBuilder->delete()
 6 SYSTEMPATH/BaseModel.php(1158): CodeIgniter\Model->doDelete([...], false)
 7 APPPATH/Controllers/Home.php(96): CodeIgniter\BaseModel->delete([...])
 8 SYSTEMPATH/CodeIgniter.php(933): App\Controllers\Home->personas_delete('2')
 9 SYSTEMPATH/CodeIgniter.php(509): CodeIgniter\CodeIgniter->runController(Object(App\Controllers\Home))
10 SYSTEMPATH/CodeIgniter.php(355): CodeIgniter\CodeIgniter->handleRequest(null, Object(Config\Cache), false)
11 SYSTEMPATH/Boot.php(312): CodeIgniter\CodeIgniter->run()
12 SYSTEMPATH/Boot.php(67): CodeIgniter\Boot::runCodeIgniter(Object(CodeIgniter\CodeIgniter))
13 FCPATH/index.php(56): CodeIgniter\Boot::bootWeb(Object(Config\Paths))
WARNING - 2024-06-08 09:15:16 --> [DEPRECATED] Creation of dynamic property App\Controllers\Home::$db is deprecated in APPPATH/Controllers/Home.php on line 15.
 1 SYSTEMPATH/CodeIgniter.php(933): App\Controllers\Home->index()
 2 SYSTEMPATH/CodeIgniter.php(509): CodeIgniter\CodeIgniter->runController(Object(App\Controllers\Home))
 3 SYSTEMPATH/CodeIgniter.php(355): CodeIgniter\CodeIgniter->handleRequest(null, Object(Config\Cache), false)
 4 SYSTEMPATH/Boot.php(312): CodeIgniter\CodeIgniter->run()
 5 SYSTEMPATH/Boot.php(67): CodeIgniter\Boot::runCodeIgniter(Object(CodeIgniter\CodeIgniter))
 6 FCPATH/index.php(56): CodeIgniter\Boot::bootWeb(Object(Config\Paths))
ERROR - 2024-06-08 09:17:03 --> mysqli_sql_exception: Cannot delete or update a parent row: a foreign key constraint fails (`db_data`.`empleos`, CONSTRAINT `empleos_ibfk_1` FOREIGN KEY (`id_persona`) REFERENCES `personas` (`id`)) in /opt/lampp/htdocs/students/system/Database/MySQLi/Connection.php:308
Stack trace:
#0 /opt/lampp/htdocs/students/system/Database/MySQLi/Connection.php(308): mysqli->query('DELETE FROM `pe...', 0)
#1 /opt/lampp/htdocs/students/system/Database/BaseConnection.php(722): CodeIgniter\Database\MySQLi\Connection->execute('DELETE FROM `pe...')
#2 /opt/lampp/htdocs/students/system/Database/BaseConnection.php(636): CodeIgniter\Database\BaseConnection->simpleQuery('DELETE FROM `pe...')
#3 /opt/lampp/htdocs/students/system/Database/BaseBuilder.php(2823): CodeIgniter\Database\BaseConnection->query('DELETE FROM `pe...', Array, false)
#4 /opt/lampp/htdocs/students/system/Model.php(510): CodeIgniter\Database\BaseBuilder->delete()
#5 /opt/lampp/htdocs/students/system/BaseModel.php(1158): CodeIgniter\Model->doDelete(Array, false)
#6 /opt/lampp/htdocs/students/app/Controllers/Home.php(96): CodeIgniter\BaseModel->delete(Array)
#7 /opt/lampp/htdocs/students/system/CodeIgniter.php(933): App\Controllers\Home->personas_delete('20')
#8 /opt/lampp/htdocs/students/system/CodeIgniter.php(509): CodeIgniter\CodeIgniter->runController(Object(App\Controllers\Home))
#9 /opt/lampp/htdocs/students/system/CodeIgniter.php(355): CodeIgniter\CodeIgniter->handleRequest(NULL, Object(Config\Cache), false)
#10 /opt/lampp/htdocs/students/system/Boot.php(312): CodeIgniter\CodeIgniter->run()
#11 /opt/lampp/htdocs/students/system/Boot.php(67): CodeIgniter\Boot::runCodeIgniter(Object(CodeIgniter\CodeIgniter))
#12 /opt/lampp/htdocs/students/index.php(56): CodeIgniter\Boot::bootWeb(Object(Config\Paths))
#13 {main}
CRITICAL - 2024-06-08 09:17:03 --> CodeIgniter\Database\Exceptions\DatabaseException: Cannot delete or update a parent row: a foreign key constraint fails (`db_data`.`empleos`, CONSTRAINT `empleos_ibfk_1` FOREIGN KEY (`id_persona`) REFERENCES `personas` (`id`))
[Method: DELETE, Route: personas/20]
in SYSTEMPATH/Database/BaseConnection.php on line 676.
 1 SYSTEMPATH/Database/BaseBuilder.php(2823): CodeIgniter\Database\BaseConnection->query('DELETE FROM `personas`
WHERE `id` IN :id:', [...], false)
 2 SYSTEMPATH/Model.php(510): CodeIgniter\Database\BaseBuilder->delete()
 3 SYSTEMPATH/BaseModel.php(1158): CodeIgniter\Model->doDelete([...], false)
 4 APPPATH/Controllers/Home.php(96): CodeIgniter\BaseModel->delete([...])
 5 SYSTEMPATH/CodeIgniter.php(933): App\Controllers\Home->personas_delete('20')
 6 SYSTEMPATH/CodeIgniter.php(509): CodeIgniter\CodeIgniter->runController(Object(App\Controllers\Home))
 7 SYSTEMPATH/CodeIgniter.php(355): CodeIgniter\CodeIgniter->handleRequest(null, Object(Config\Cache), false)
 8 SYSTEMPATH/Boot.php(312): CodeIgniter\CodeIgniter->run()
 9 SYSTEMPATH/Boot.php(67): CodeIgniter\Boot::runCodeIgniter(Object(CodeIgniter\CodeIgniter))
10 FCPATH/index.php(56): CodeIgniter\Boot::bootWeb(Object(Config\Paths))
CRITICAL - 2024-06-08 09:17:03 --> [Caused by] CodeIgniter\Database\Exceptions\DatabaseException: Cannot delete or update a parent row: a foreign key constraint fails (`db_data`.`empleos`, CONSTRAINT `empleos_ibfk_1` FOREIGN KEY (`id_persona`) REFERENCES `personas` (`id`))
in SYSTEMPATH/Database/MySQLi/Connection.php on line 313.
 1 SYSTEMPATH/Database/BaseConnection.php(722): CodeIgniter\Database\MySQLi\Connection->execute('DELETE FROM `personas`
WHERE `id` IN (\'20\')')
 2 SYSTEMPATH/Database/BaseConnection.php(636): CodeIgniter\Database\BaseConnection->simpleQuery('DELETE FROM `personas`
WHERE `id` IN (\'20\')')
 3 SYSTEMPATH/Database/BaseBuilder.php(2823): CodeIgniter\Database\BaseConnection->query('DELETE FROM `personas`
WHERE `id` IN :id:', [...], false)
 4 SYSTEMPATH/Model.php(510): CodeIgniter\Database\BaseBuilder->delete()
 5 SYSTEMPATH/BaseModel.php(1158): CodeIgniter\Model->doDelete([...], false)
 6 APPPATH/Controllers/Home.php(96): CodeIgniter\BaseModel->delete([...])
 7 SYSTEMPATH/CodeIgniter.php(933): App\Controllers\Home->personas_delete('20')
 8 SYSTEMPATH/CodeIgniter.php(509): CodeIgniter\CodeIgniter->runController(Object(App\Controllers\Home))
 9 SYSTEMPATH/CodeIgniter.php(355): CodeIgniter\CodeIgniter->handleRequest(null, Object(Config\Cache), false)
10 SYSTEMPATH/Boot.php(312): CodeIgniter\CodeIgniter->run()
11 SYSTEMPATH/Boot.php(67): CodeIgniter\Boot::runCodeIgniter(Object(CodeIgniter\CodeIgniter))
12 FCPATH/index.php(56): CodeIgniter\Boot::bootWeb(Object(Config\Paths))
CRITICAL - 2024-06-08 09:17:03 --> [Caused by] mysqli_sql_exception: Cannot delete or update a parent row: a foreign key constraint fails (`db_data`.`empleos`, CONSTRAINT `empleos_ibfk_1` FOREIGN KEY (`id_persona`) REFERENCES `personas` (`id`))
in SYSTEMPATH/Database/MySQLi/Connection.php on line 308.
 1 SYSTEMPATH/Database/MySQLi/Connection.php(308): mysqli->query('DELETE FROM `personas`
WHERE `id` IN (\'20\')', 0)
 2 SYSTEMPATH/Database/BaseConnection.php(722): CodeIgniter\Database\MySQLi\Connection->execute('DELETE FROM `personas`
WHERE `id` IN (\'20\')')
 3 SYSTEMPATH/Database/BaseConnection.php(636): CodeIgniter\Database\BaseConnection->simpleQuery('DELETE FROM `personas`
WHERE `id` IN (\'20\')')
 4 SYSTEMPATH/Database/BaseBuilder.php(2823): CodeIgniter\Database\BaseConnection->query('DELETE FROM `personas`
WHERE `id` IN :id:', [...], false)
 5 SYSTEMPATH/Model.php(510): CodeIgniter\Database\BaseBuilder->delete()
 6 SYSTEMPATH/BaseModel.php(1158): CodeIgniter\Model->doDelete([...], false)
 7 APPPATH/Controllers/Home.php(96): CodeIgniter\BaseModel->delete([...])
 8 SYSTEMPATH/CodeIgniter.php(933): App\Controllers\Home->personas_delete('20')
 9 SYSTEMPATH/CodeIgniter.php(509): CodeIgniter\CodeIgniter->runController(Object(App\Controllers\Home))
10 SYSTEMPATH/CodeIgniter.php(355): CodeIgniter\CodeIgniter->handleRequest(null, Object(Config\Cache), false)
11 SYSTEMPATH/Boot.php(312): CodeIgniter\CodeIgniter->run()
12 SYSTEMPATH/Boot.php(67): CodeIgniter\Boot::runCodeIgniter(Object(CodeIgniter\CodeIgniter))
13 FCPATH/index.php(56): CodeIgniter\Boot::bootWeb(Object(Config\Paths))
ERROR - 2024-06-08 09:18:00 --> mysqli_sql_exception: Cannot delete or update a parent row: a foreign key constraint fails (`db_data`.`empleos`, CONSTRAINT `empleos_ibfk_1` FOREIGN KEY (`id_persona`) REFERENCES `personas` (`id`)) in /opt/lampp/htdocs/students/system/Database/MySQLi/Connection.php:308
Stack trace:
#0 /opt/lampp/htdocs/students/system/Database/MySQLi/Connection.php(308): mysqli->query('DELETE FROM `pe...', 0)
#1 /opt/lampp/htdocs/students/system/Database/BaseConnection.php(722): CodeIgniter\Database\MySQLi\Connection->execute('DELETE FROM `pe...')
#2 /opt/lampp/htdocs/students/system/Database/BaseConnection.php(636): CodeIgniter\Database\BaseConnection->simpleQuery('DELETE FROM `pe...')
#3 /opt/lampp/htdocs/students/system/Database/BaseBuilder.php(2823): CodeIgniter\Database\BaseConnection->query('DELETE FROM `pe...', Array, false)
#4 /opt/lampp/htdocs/students/system/Model.php(510): CodeIgniter\Database\BaseBuilder->delete()
#5 /opt/lampp/htdocs/students/system/BaseModel.php(1158): CodeIgniter\Model->doDelete(Array, false)
#6 /opt/lampp/htdocs/students/app/Controllers/Home.php(96): CodeIgniter\BaseModel->delete(Array)
#7 /opt/lampp/htdocs/students/system/CodeIgniter.php(933): App\Controllers\Home->personas_delete('19')
#8 /opt/lampp/htdocs/students/system/CodeIgniter.php(509): CodeIgniter\CodeIgniter->runController(Object(App\Controllers\Home))
#9 /opt/lampp/htdocs/students/system/CodeIgniter.php(355): CodeIgniter\CodeIgniter->handleRequest(NULL, Object(Config\Cache), false)
#10 /opt/lampp/htdocs/students/system/Boot.php(312): CodeIgniter\CodeIgniter->run()
#11 /opt/lampp/htdocs/students/system/Boot.php(67): CodeIgniter\Boot::runCodeIgniter(Object(CodeIgniter\CodeIgniter))
#12 /opt/lampp/htdocs/students/index.php(56): CodeIgniter\Boot::bootWeb(Object(Config\Paths))
#13 {main}
CRITICAL - 2024-06-08 09:18:00 --> CodeIgniter\Database\Exceptions\DatabaseException: Cannot delete or update a parent row: a foreign key constraint fails (`db_data`.`empleos`, CONSTRAINT `empleos_ibfk_1` FOREIGN KEY (`id_persona`) REFERENCES `personas` (`id`))
[Method: DELETE, Route: personas/19]
in SYSTEMPATH/Database/BaseConnection.php on line 676.
 1 SYSTEMPATH/Database/BaseBuilder.php(2823): CodeIgniter\Database\BaseConnection->query('DELETE FROM `personas`
WHERE `id` IN :id:', [...], false)
 2 SYSTEMPATH/Model.php(510): CodeIgniter\Database\BaseBuilder->delete()
 3 SYSTEMPATH/BaseModel.php(1158): CodeIgniter\Model->doDelete([...], false)
 4 APPPATH/Controllers/Home.php(96): CodeIgniter\BaseModel->delete([...])
 5 SYSTEMPATH/CodeIgniter.php(933): App\Controllers\Home->personas_delete('19')
 6 SYSTEMPATH/CodeIgniter.php(509): CodeIgniter\CodeIgniter->runController(Object(App\Controllers\Home))
 7 SYSTEMPATH/CodeIgniter.php(355): CodeIgniter\CodeIgniter->handleRequest(null, Object(Config\Cache), false)
 8 SYSTEMPATH/Boot.php(312): CodeIgniter\CodeIgniter->run()
 9 SYSTEMPATH/Boot.php(67): CodeIgniter\Boot::runCodeIgniter(Object(CodeIgniter\CodeIgniter))
10 FCPATH/index.php(56): CodeIgniter\Boot::bootWeb(Object(Config\Paths))
CRITICAL - 2024-06-08 09:18:00 --> [Caused by] CodeIgniter\Database\Exceptions\DatabaseException: Cannot delete or update a parent row: a foreign key constraint fails (`db_data`.`empleos`, CONSTRAINT `empleos_ibfk_1` FOREIGN KEY (`id_persona`) REFERENCES `personas` (`id`))
in SYSTEMPATH/Database/MySQLi/Connection.php on line 313.
 1 SYSTEMPATH/Database/BaseConnection.php(722): CodeIgniter\Database\MySQLi\Connection->execute('DELETE FROM `personas`
WHERE `id` IN (\'19\')')
 2 SYSTEMPATH/Database/BaseConnection.php(636): CodeIgniter\Database\BaseConnection->simpleQuery('DELETE FROM `personas`
WHERE `id` IN (\'19\')')
 3 SYSTEMPATH/Database/BaseBuilder.php(2823): CodeIgniter\Database\BaseConnection->query('DELETE FROM `personas`
WHERE `id` IN :id:', [...], false)
 4 SYSTEMPATH/Model.php(510): CodeIgniter\Database\BaseBuilder->delete()
 5 SYSTEMPATH/BaseModel.php(1158): CodeIgniter\Model->doDelete([...], false)
 6 APPPATH/Controllers/Home.php(96): CodeIgniter\BaseModel->delete([...])
 7 SYSTEMPATH/CodeIgniter.php(933): App\Controllers\Home->personas_delete('19')
 8 SYSTEMPATH/CodeIgniter.php(509): CodeIgniter\CodeIgniter->runController(Object(App\Controllers\Home))
 9 SYSTEMPATH/CodeIgniter.php(355): CodeIgniter\CodeIgniter->handleRequest(null, Object(Config\Cache), false)
10 SYSTEMPATH/Boot.php(312): CodeIgniter\CodeIgniter->run()
11 SYSTEMPATH/Boot.php(67): CodeIgniter\Boot::runCodeIgniter(Object(CodeIgniter\CodeIgniter))
12 FCPATH/index.php(56): CodeIgniter\Boot::bootWeb(Object(Config\Paths))
CRITICAL - 2024-06-08 09:18:00 --> [Caused by] mysqli_sql_exception: Cannot delete or update a parent row: a foreign key constraint fails (`db_data`.`empleos`, CONSTRAINT `empleos_ibfk_1` FOREIGN KEY (`id_persona`) REFERENCES `personas` (`id`))
in SYSTEMPATH/Database/MySQLi/Connection.php on line 308.
 1 SYSTEMPATH/Database/MySQLi/Connection.php(308): mysqli->query('DELETE FROM `personas`
WHERE `id` IN (\'19\')', 0)
 2 SYSTEMPATH/Database/BaseConnection.php(722): CodeIgniter\Database\MySQLi\Connection->execute('DELETE FROM `personas`
WHERE `id` IN (\'19\')')
 3 SYSTEMPATH/Database/BaseConnection.php(636): CodeIgniter\Database\BaseConnection->simpleQuery('DELETE FROM `personas`
WHERE `id` IN (\'19\')')
 4 SYSTEMPATH/Database/BaseBuilder.php(2823): CodeIgniter\Database\BaseConnection->query('DELETE FROM `personas`
WHERE `id` IN :id:', [...], false)
 5 SYSTEMPATH/Model.php(510): CodeIgniter\Database\BaseBuilder->delete()
 6 SYSTEMPATH/BaseModel.php(1158): CodeIgniter\Model->doDelete([...], false)
 7 APPPATH/Controllers/Home.php(96): CodeIgniter\BaseModel->delete([...])
 8 SYSTEMPATH/CodeIgniter.php(933): App\Controllers\Home->personas_delete('19')
 9 SYSTEMPATH/CodeIgniter.php(509): CodeIgniter\CodeIgniter->runController(Object(App\Controllers\Home))
10 SYSTEMPATH/CodeIgniter.php(355): CodeIgniter\CodeIgniter->handleRequest(null, Object(Config\Cache), false)
11 SYSTEMPATH/Boot.php(312): CodeIgniter\CodeIgniter->run()
12 SYSTEMPATH/Boot.php(67): CodeIgniter\Boot::runCodeIgniter(Object(CodeIgniter\CodeIgniter))
13 FCPATH/index.php(56): CodeIgniter\Boot::bootWeb(Object(Config\Paths))
ERROR - 2024-06-08 09:18:22 --> mysqli_sql_exception: Cannot delete or update a parent row: a foreign key constraint fails (`db_data`.`empleos`, CONSTRAINT `empleos_ibfk_1` FOREIGN KEY (`id_persona`) REFERENCES `personas` (`id`)) in /opt/lampp/htdocs/students/system/Database/MySQLi/Connection.php:308
Stack trace:
#0 /opt/lampp/htdocs/students/system/Database/MySQLi/Connection.php(308): mysqli->query('DELETE FROM `pe...', 0)
#1 /opt/lampp/htdocs/students/system/Database/BaseConnection.php(722): CodeIgniter\Database\MySQLi\Connection->execute('DELETE FROM `pe...')
#2 /opt/lampp/htdocs/students/system/Database/BaseConnection.php(636): CodeIgniter\Database\BaseConnection->simpleQuery('DELETE FROM `pe...')
#3 /opt/lampp/htdocs/students/system/Database/BaseBuilder.php(2823): CodeIgniter\Database\BaseConnection->query('DELETE FROM `pe...', Array, false)
#4 /opt/lampp/htdocs/students/system/Model.php(510): CodeIgniter\Database\BaseBuilder->delete()
#5 /opt/lampp/htdocs/students/system/BaseModel.php(1158): CodeIgniter\Model->doDelete(Array, false)
#6 /opt/lampp/htdocs/students/app/Controllers/Home.php(96): CodeIgniter\BaseModel->delete(Array)
#7 /opt/lampp/htdocs/students/system/CodeIgniter.php(933): App\Controllers\Home->personas_delete('20')
#8 /opt/lampp/htdocs/students/system/CodeIgniter.php(509): CodeIgniter\CodeIgniter->runController(Object(App\Controllers\Home))
#9 /opt/lampp/htdocs/students/system/CodeIgniter.php(355): CodeIgniter\CodeIgniter->handleRequest(NULL, Object(Config\Cache), false)
#10 /opt/lampp/htdocs/students/system/Boot.php(312): CodeIgniter\CodeIgniter->run()
#11 /opt/lampp/htdocs/students/system/Boot.php(67): CodeIgniter\Boot::runCodeIgniter(Object(CodeIgniter\CodeIgniter))
#12 /opt/lampp/htdocs/students/index.php(56): CodeIgniter\Boot::bootWeb(Object(Config\Paths))
#13 {main}
CRITICAL - 2024-06-08 09:18:22 --> CodeIgniter\Database\Exceptions\DatabaseException: Cannot delete or update a parent row: a foreign key constraint fails (`db_data`.`empleos`, CONSTRAINT `empleos_ibfk_1` FOREIGN KEY (`id_persona`) REFERENCES `personas` (`id`))
[Method: DELETE, Route: personas/20]
in SYSTEMPATH/Database/BaseConnection.php on line 676.
 1 SYSTEMPATH/Database/BaseBuilder.php(2823): CodeIgniter\Database\BaseConnection->query('DELETE FROM `personas`
WHERE `id` IN :id:', [...], false)
 2 SYSTEMPATH/Model.php(510): CodeIgniter\Database\BaseBuilder->delete()
 3 SYSTEMPATH/BaseModel.php(1158): CodeIgniter\Model->doDelete([...], false)
 4 APPPATH/Controllers/Home.php(96): CodeIgniter\BaseModel->delete([...])
 5 SYSTEMPATH/CodeIgniter.php(933): App\Controllers\Home->personas_delete('20')
 6 SYSTEMPATH/CodeIgniter.php(509): CodeIgniter\CodeIgniter->runController(Object(App\Controllers\Home))
 7 SYSTEMPATH/CodeIgniter.php(355): CodeIgniter\CodeIgniter->handleRequest(null, Object(Config\Cache), false)
 8 SYSTEMPATH/Boot.php(312): CodeIgniter\CodeIgniter->run()
 9 SYSTEMPATH/Boot.php(67): CodeIgniter\Boot::runCodeIgniter(Object(CodeIgniter\CodeIgniter))
10 FCPATH/index.php(56): CodeIgniter\Boot::bootWeb(Object(Config\Paths))
CRITICAL - 2024-06-08 09:18:22 --> [Caused by] CodeIgniter\Database\Exceptions\DatabaseException: Cannot delete or update a parent row: a foreign key constraint fails (`db_data`.`empleos`, CONSTRAINT `empleos_ibfk_1` FOREIGN KEY (`id_persona`) REFERENCES `personas` (`id`))
in SYSTEMPATH/Database/MySQLi/Connection.php on line 313.
 1 SYSTEMPATH/Database/BaseConnection.php(722): CodeIgniter\Database\MySQLi\Connection->execute('DELETE FROM `personas`
WHERE `id` IN (\'20\')')
 2 SYSTEMPATH/Database/BaseConnection.php(636): CodeIgniter\Database\BaseConnection->simpleQuery('DELETE FROM `personas`
WHERE `id` IN (\'20\')')
 3 SYSTEMPATH/Database/BaseBuilder.php(2823): CodeIgniter\Database\BaseConnection->query('DELETE FROM `personas`
WHERE `id` IN :id:', [...], false)
 4 SYSTEMPATH/Model.php(510): CodeIgniter\Database\BaseBuilder->delete()
 5 SYSTEMPATH/BaseModel.php(1158): CodeIgniter\Model->doDelete([...], false)
 6 APPPATH/Controllers/Home.php(96): CodeIgniter\BaseModel->delete([...])
 7 SYSTEMPATH/CodeIgniter.php(933): App\Controllers\Home->personas_delete('20')
 8 SYSTEMPATH/CodeIgniter.php(509): CodeIgniter\CodeIgniter->runController(Object(App\Controllers\Home))
 9 SYSTEMPATH/CodeIgniter.php(355): CodeIgniter\CodeIgniter->handleRequest(null, Object(Config\Cache), false)
10 SYSTEMPATH/Boot.php(312): CodeIgniter\CodeIgniter->run()
11 SYSTEMPATH/Boot.php(67): CodeIgniter\Boot::runCodeIgniter(Object(CodeIgniter\CodeIgniter))
12 FCPATH/index.php(56): CodeIgniter\Boot::bootWeb(Object(Config\Paths))
CRITICAL - 2024-06-08 09:18:22 --> [Caused by] mysqli_sql_exception: Cannot delete or update a parent row: a foreign key constraint fails (`db_data`.`empleos`, CONSTRAINT `empleos_ibfk_1` FOREIGN KEY (`id_persona`) REFERENCES `personas` (`id`))
in SYSTEMPATH/Database/MySQLi/Connection.php on line 308.
 1 SYSTEMPATH/Database/MySQLi/Connection.php(308): mysqli->query('DELETE FROM `personas`
WHERE `id` IN (\'20\')', 0)
 2 SYSTEMPATH/Database/BaseConnection.php(722): CodeIgniter\Database\MySQLi\Connection->execute('DELETE FROM `personas`
WHERE `id` IN (\'20\')')
 3 SYSTEMPATH/Database/BaseConnection.php(636): CodeIgniter\Database\BaseConnection->simpleQuery('DELETE FROM `personas`
WHERE `id` IN (\'20\')')
 4 SYSTEMPATH/Database/BaseBuilder.php(2823): CodeIgniter\Database\BaseConnection->query('DELETE FROM `personas`
WHERE `id` IN :id:', [...], false)
 5 SYSTEMPATH/Model.php(510): CodeIgniter\Database\BaseBuilder->delete()
 6 SYSTEMPATH/BaseModel.php(1158): CodeIgniter\Model->doDelete([...], false)
 7 APPPATH/Controllers/Home.php(96): CodeIgniter\BaseModel->delete([...])
 8 SYSTEMPATH/CodeIgniter.php(933): App\Controllers\Home->personas_delete('20')
 9 SYSTEMPATH/CodeIgniter.php(509): CodeIgniter\CodeIgniter->runController(Object(App\Controllers\Home))
10 SYSTEMPATH/CodeIgniter.php(355): CodeIgniter\CodeIgniter->handleRequest(null, Object(Config\Cache), false)
11 SYSTEMPATH/Boot.php(312): CodeIgniter\CodeIgniter->run()
12 SYSTEMPATH/Boot.php(67): CodeIgniter\Boot::runCodeIgniter(Object(CodeIgniter\CodeIgniter))
13 FCPATH/index.php(56): CodeIgniter\Boot::bootWeb(Object(Config\Paths))
ERROR - 2024-06-08 09:18:57 --> mysqli_sql_exception: Cannot delete or update a parent row: a foreign key constraint fails (`db_data`.`empleos`, CONSTRAINT `empleos_ibfk_1` FOREIGN KEY (`id_persona`) REFERENCES `personas` (`id`)) in /opt/lampp/htdocs/students/system/Database/MySQLi/Connection.php:308
Stack trace:
#0 /opt/lampp/htdocs/students/system/Database/MySQLi/Connection.php(308): mysqli->query('DELETE FROM `pe...', 0)
#1 /opt/lampp/htdocs/students/system/Database/BaseConnection.php(722): CodeIgniter\Database\MySQLi\Connection->execute('DELETE FROM `pe...')
#2 /opt/lampp/htdocs/students/system/Database/BaseConnection.php(636): CodeIgniter\Database\BaseConnection->simpleQuery('DELETE FROM `pe...')
#3 /opt/lampp/htdocs/students/system/Database/BaseBuilder.php(2823): CodeIgniter\Database\BaseConnection->query('DELETE FROM `pe...', Array, false)
#4 /opt/lampp/htdocs/students/system/Model.php(510): CodeIgniter\Database\BaseBuilder->delete()
#5 /opt/lampp/htdocs/students/system/BaseModel.php(1158): CodeIgniter\Model->doDelete(Array, false)
#6 /opt/lampp/htdocs/students/app/Controllers/Home.php(96): CodeIgniter\BaseModel->delete(Array)
#7 /opt/lampp/htdocs/students/system/CodeIgniter.php(933): App\Controllers\Home->personas_delete('20')
#8 /opt/lampp/htdocs/students/system/CodeIgniter.php(509): CodeIgniter\CodeIgniter->runController(Object(App\Controllers\Home))
#9 /opt/lampp/htdocs/students/system/CodeIgniter.php(355): CodeIgniter\CodeIgniter->handleRequest(NULL, Object(Config\Cache), false)
#10 /opt/lampp/htdocs/students/system/Boot.php(312): CodeIgniter\CodeIgniter->run()
#11 /opt/lampp/htdocs/students/system/Boot.php(67): CodeIgniter\Boot::runCodeIgniter(Object(CodeIgniter\CodeIgniter))
#12 /opt/lampp/htdocs/students/index.php(56): CodeIgniter\Boot::bootWeb(Object(Config\Paths))
#13 {main}
CRITICAL - 2024-06-08 09:18:57 --> CodeIgniter\Database\Exceptions\DatabaseException: Cannot delete or update a parent row: a foreign key constraint fails (`db_data`.`empleos`, CONSTRAINT `empleos_ibfk_1` FOREIGN KEY (`id_persona`) REFERENCES `personas` (`id`))
[Method: DELETE, Route: personas/20]
in SYSTEMPATH/Database/BaseConnection.php on line 676.
 1 SYSTEMPATH/Database/BaseBuilder.php(2823): CodeIgniter\Database\BaseConnection->query('DELETE FROM `personas`
WHERE `id` IN :id:', [...], false)
 2 SYSTEMPATH/Model.php(510): CodeIgniter\Database\BaseBuilder->delete()
 3 SYSTEMPATH/BaseModel.php(1158): CodeIgniter\Model->doDelete([...], false)
 4 APPPATH/Controllers/Home.php(96): CodeIgniter\BaseModel->delete([...])
 5 SYSTEMPATH/CodeIgniter.php(933): App\Controllers\Home->personas_delete('20')
 6 SYSTEMPATH/CodeIgniter.php(509): CodeIgniter\CodeIgniter->runController(Object(App\Controllers\Home))
 7 SYSTEMPATH/CodeIgniter.php(355): CodeIgniter\CodeIgniter->handleRequest(null, Object(Config\Cache), false)
 8 SYSTEMPATH/Boot.php(312): CodeIgniter\CodeIgniter->run()
 9 SYSTEMPATH/Boot.php(67): CodeIgniter\Boot::runCodeIgniter(Object(CodeIgniter\CodeIgniter))
10 FCPATH/index.php(56): CodeIgniter\Boot::bootWeb(Object(Config\Paths))
CRITICAL - 2024-06-08 09:18:57 --> [Caused by] CodeIgniter\Database\Exceptions\DatabaseException: Cannot delete or update a parent row: a foreign key constraint fails (`db_data`.`empleos`, CONSTRAINT `empleos_ibfk_1` FOREIGN KEY (`id_persona`) REFERENCES `personas` (`id`))
in SYSTEMPATH/Database/MySQLi/Connection.php on line 313.
 1 SYSTEMPATH/Database/BaseConnection.php(722): CodeIgniter\Database\MySQLi\Connection->execute('DELETE FROM `personas`
WHERE `id` IN (\'20\')')
 2 SYSTEMPATH/Database/BaseConnection.php(636): CodeIgniter\Database\BaseConnection->simpleQuery('DELETE FROM `personas`
WHERE `id` IN (\'20\')')
 3 SYSTEMPATH/Database/BaseBuilder.php(2823): CodeIgniter\Database\BaseConnection->query('DELETE FROM `personas`
WHERE `id` IN :id:', [...], false)
 4 SYSTEMPATH/Model.php(510): CodeIgniter\Database\BaseBuilder->delete()
 5 SYSTEMPATH/BaseModel.php(1158): CodeIgniter\Model->doDelete([...], false)
 6 APPPATH/Controllers/Home.php(96): CodeIgniter\BaseModel->delete([...])
 7 SYSTEMPATH/CodeIgniter.php(933): App\Controllers\Home->personas_delete('20')
 8 SYSTEMPATH/CodeIgniter.php(509): CodeIgniter\CodeIgniter->runController(Object(App\Controllers\Home))
 9 SYSTEMPATH/CodeIgniter.php(355): CodeIgniter\CodeIgniter->handleRequest(null, Object(Config\Cache), false)
10 SYSTEMPATH/Boot.php(312): CodeIgniter\CodeIgniter->run()
11 SYSTEMPATH/Boot.php(67): CodeIgniter\Boot::runCodeIgniter(Object(CodeIgniter\CodeIgniter))
12 FCPATH/index.php(56): CodeIgniter\Boot::bootWeb(Object(Config\Paths))
CRITICAL - 2024-06-08 09:18:57 --> [Caused by] mysqli_sql_exception: Cannot delete or update a parent row: a foreign key constraint fails (`db_data`.`empleos`, CONSTRAINT `empleos_ibfk_1` FOREIGN KEY (`id_persona`) REFERENCES `personas` (`id`))
in SYSTEMPATH/Database/MySQLi/Connection.php on line 308.
 1 SYSTEMPATH/Database/MySQLi/Connection.php(308): mysqli->query('DELETE FROM `personas`
WHERE `id` IN (\'20\')', 0)
 2 SYSTEMPATH/Database/BaseConnection.php(722): CodeIgniter\Database\MySQLi\Connection->execute('DELETE FROM `personas`
WHERE `id` IN (\'20\')')
 3 SYSTEMPATH/Database/BaseConnection.php(636): CodeIgniter\Database\BaseConnection->simpleQuery('DELETE FROM `personas`
WHERE `id` IN (\'20\')')
 4 SYSTEMPATH/Database/BaseBuilder.php(2823): CodeIgniter\Database\BaseConnection->query('DELETE FROM `personas`
WHERE `id` IN :id:', [...], false)
 5 SYSTEMPATH/Model.php(510): CodeIgniter\Database\BaseBuilder->delete()
 6 SYSTEMPATH/BaseModel.php(1158): CodeIgniter\Model->doDelete([...], false)
 7 APPPATH/Controllers/Home.php(96): CodeIgniter\BaseModel->delete([...])
 8 SYSTEMPATH/CodeIgniter.php(933): App\Controllers\Home->personas_delete('20')
 9 SYSTEMPATH/CodeIgniter.php(509): CodeIgniter\CodeIgniter->runController(Object(App\Controllers\Home))
10 SYSTEMPATH/CodeIgniter.php(355): CodeIgniter\CodeIgniter->handleRequest(null, Object(Config\Cache), false)
11 SYSTEMPATH/Boot.php(312): CodeIgniter\CodeIgniter->run()
12 SYSTEMPATH/Boot.php(67): CodeIgniter\Boot::runCodeIgniter(Object(CodeIgniter\CodeIgniter))
13 FCPATH/index.php(56): CodeIgniter\Boot::bootWeb(Object(Config\Paths))
ERROR - 2024-06-08 09:24:18 --> mysqli_sql_exception: Cannot delete or update a parent row: a foreign key constraint fails (`db_data`.`empleos`, CONSTRAINT `empleos_ibfk_1` FOREIGN KEY (`id_persona`) REFERENCES `personas` (`id`)) in /opt/lampp/htdocs/students/system/Database/MySQLi/Connection.php:308
Stack trace:
#0 /opt/lampp/htdocs/students/system/Database/MySQLi/Connection.php(308): mysqli->query('DELETE FROM `pe...', 0)
#1 /opt/lampp/htdocs/students/system/Database/BaseConnection.php(722): CodeIgniter\Database\MySQLi\Connection->execute('DELETE FROM `pe...')
#2 /opt/lampp/htdocs/students/system/Database/BaseConnection.php(636): CodeIgniter\Database\BaseConnection->simpleQuery('DELETE FROM `pe...')
#3 /opt/lampp/htdocs/students/system/Database/BaseBuilder.php(2823): CodeIgniter\Database\BaseConnection->query('DELETE FROM `pe...', Array, false)
#4 /opt/lampp/htdocs/students/system/Model.php(510): CodeIgniter\Database\BaseBuilder->delete()
#5 /opt/lampp/htdocs/students/system/BaseModel.php(1158): CodeIgniter\Model->doDelete(Array, false)
#6 /opt/lampp/htdocs/students/app/Controllers/Home.php(96): CodeIgniter\BaseModel->delete(Array)
#7 /opt/lampp/htdocs/students/system/CodeIgniter.php(933): App\Controllers\Home->personas_delete('20')
#8 /opt/lampp/htdocs/students/system/CodeIgniter.php(509): CodeIgniter\CodeIgniter->runController(Object(App\Controllers\Home))
#9 /opt/lampp/htdocs/students/system/CodeIgniter.php(355): CodeIgniter\CodeIgniter->handleRequest(NULL, Object(Config\Cache), false)
#10 /opt/lampp/htdocs/students/system/Boot.php(312): CodeIgniter\CodeIgniter->run()
#11 /opt/lampp/htdocs/students/system/Boot.php(67): CodeIgniter\Boot::runCodeIgniter(Object(CodeIgniter\CodeIgniter))
#12 /opt/lampp/htdocs/students/index.php(56): CodeIgniter\Boot::bootWeb(Object(Config\Paths))
#13 {main}
CRITICAL - 2024-06-08 09:24:18 --> CodeIgniter\Database\Exceptions\DatabaseException: Cannot delete or update a parent row: a foreign key constraint fails (`db_data`.`empleos`, CONSTRAINT `empleos_ibfk_1` FOREIGN KEY (`id_persona`) REFERENCES `personas` (`id`))
[Method: DELETE, Route: personas/20]
in SYSTEMPATH/Database/BaseConnection.php on line 676.
 1 SYSTEMPATH/Database/BaseBuilder.php(2823): CodeIgniter\Database\BaseConnection->query('DELETE FROM `personas`
WHERE `id` IN :id:', [...], false)
 2 SYSTEMPATH/Model.php(510): CodeIgniter\Database\BaseBuilder->delete()
 3 SYSTEMPATH/BaseModel.php(1158): CodeIgniter\Model->doDelete([...], false)
 4 APPPATH/Controllers/Home.php(96): CodeIgniter\BaseModel->delete([...])
 5 SYSTEMPATH/CodeIgniter.php(933): App\Controllers\Home->personas_delete('20')
 6 SYSTEMPATH/CodeIgniter.php(509): CodeIgniter\CodeIgniter->runController(Object(App\Controllers\Home))
 7 SYSTEMPATH/CodeIgniter.php(355): CodeIgniter\CodeIgniter->handleRequest(null, Object(Config\Cache), false)
 8 SYSTEMPATH/Boot.php(312): CodeIgniter\CodeIgniter->run()
 9 SYSTEMPATH/Boot.php(67): CodeIgniter\Boot::runCodeIgniter(Object(CodeIgniter\CodeIgniter))
10 FCPATH/index.php(56): CodeIgniter\Boot::bootWeb(Object(Config\Paths))
CRITICAL - 2024-06-08 09:24:18 --> [Caused by] CodeIgniter\Database\Exceptions\DatabaseException: Cannot delete or update a parent row: a foreign key constraint fails (`db_data`.`empleos`, CONSTRAINT `empleos_ibfk_1` FOREIGN KEY (`id_persona`) REFERENCES `personas` (`id`))
in SYSTEMPATH/Database/MySQLi/Connection.php on line 313.
 1 SYSTEMPATH/Database/BaseConnection.php(722): CodeIgniter\Database\MySQLi\Connection->execute('DELETE FROM `personas`
WHERE `id` IN (\'20\')')
 2 SYSTEMPATH/Database/BaseConnection.php(636): CodeIgniter\Database\BaseConnection->simpleQuery('DELETE FROM `personas`
WHERE `id` IN (\'20\')')
 3 SYSTEMPATH/Database/BaseBuilder.php(2823): CodeIgniter\Database\BaseConnection->query('DELETE FROM `personas`
WHERE `id` IN :id:', [...], false)
 4 SYSTEMPATH/Model.php(510): CodeIgniter\Database\BaseBuilder->delete()
 5 SYSTEMPATH/BaseModel.php(1158): CodeIgniter\Model->doDelete([...], false)
 6 APPPATH/Controllers/Home.php(96): CodeIgniter\BaseModel->delete([...])
 7 SYSTEMPATH/CodeIgniter.php(933): App\Controllers\Home->personas_delete('20')
 8 SYSTEMPATH/CodeIgniter.php(509): CodeIgniter\CodeIgniter->runController(Object(App\Controllers\Home))
 9 SYSTEMPATH/CodeIgniter.php(355): CodeIgniter\CodeIgniter->handleRequest(null, Object(Config\Cache), false)
10 SYSTEMPATH/Boot.php(312): CodeIgniter\CodeIgniter->run()
11 SYSTEMPATH/Boot.php(67): CodeIgniter\Boot::runCodeIgniter(Object(CodeIgniter\CodeIgniter))
12 FCPATH/index.php(56): CodeIgniter\Boot::bootWeb(Object(Config\Paths))
CRITICAL - 2024-06-08 09:24:18 --> [Caused by] mysqli_sql_exception: Cannot delete or update a parent row: a foreign key constraint fails (`db_data`.`empleos`, CONSTRAINT `empleos_ibfk_1` FOREIGN KEY (`id_persona`) REFERENCES `personas` (`id`))
in SYSTEMPATH/Database/MySQLi/Connection.php on line 308.
 1 SYSTEMPATH/Database/MySQLi/Connection.php(308): mysqli->query('DELETE FROM `personas`
WHERE `id` IN (\'20\')', 0)
 2 SYSTEMPATH/Database/BaseConnection.php(722): CodeIgniter\Database\MySQLi\Connection->execute('DELETE FROM `personas`
WHERE `id` IN (\'20\')')
 3 SYSTEMPATH/Database/BaseConnection.php(636): CodeIgniter\Database\BaseConnection->simpleQuery('DELETE FROM `personas`
WHERE `id` IN (\'20\')')
 4 SYSTEMPATH/Database/BaseBuilder.php(2823): CodeIgniter\Database\BaseConnection->query('DELETE FROM `personas`
WHERE `id` IN :id:', [...], false)
 5 SYSTEMPATH/Model.php(510): CodeIgniter\Database\BaseBuilder->delete()
 6 SYSTEMPATH/BaseModel.php(1158): CodeIgniter\Model->doDelete([...], false)
 7 APPPATH/Controllers/Home.php(96): CodeIgniter\BaseModel->delete([...])
 8 SYSTEMPATH/CodeIgniter.php(933): App\Controllers\Home->personas_delete('20')
 9 SYSTEMPATH/CodeIgniter.php(509): CodeIgniter\CodeIgniter->runController(Object(App\Controllers\Home))
10 SYSTEMPATH/CodeIgniter.php(355): CodeIgniter\CodeIgniter->handleRequest(null, Object(Config\Cache), false)
11 SYSTEMPATH/Boot.php(312): CodeIgniter\CodeIgniter->run()
12 SYSTEMPATH/Boot.php(67): CodeIgniter\Boot::runCodeIgniter(Object(CodeIgniter\CodeIgniter))
13 FCPATH/index.php(56): CodeIgniter\Boot::bootWeb(Object(Config\Paths))
ERROR - 2024-06-08 09:26:30 --> mysqli_sql_exception: Cannot delete or update a parent row: a foreign key constraint fails (`db_data`.`empleos`, CONSTRAINT `empleos_ibfk_1` FOREIGN KEY (`id_persona`) REFERENCES `personas` (`id`)) in /opt/lampp/htdocs/students/system/Database/MySQLi/Connection.php:308
Stack trace:
#0 /opt/lampp/htdocs/students/system/Database/MySQLi/Connection.php(308): mysqli->query('DELETE FROM `pe...', 0)
#1 /opt/lampp/htdocs/students/system/Database/BaseConnection.php(722): CodeIgniter\Database\MySQLi\Connection->execute('DELETE FROM `pe...')
#2 /opt/lampp/htdocs/students/system/Database/BaseConnection.php(636): CodeIgniter\Database\BaseConnection->simpleQuery('DELETE FROM `pe...')
#3 /opt/lampp/htdocs/students/system/Database/BaseBuilder.php(2823): CodeIgniter\Database\BaseConnection->query('DELETE FROM `pe...', Array, false)
#4 /opt/lampp/htdocs/students/system/Model.php(510): CodeIgniter\Database\BaseBuilder->delete()
#5 /opt/lampp/htdocs/students/system/BaseModel.php(1158): CodeIgniter\Model->doDelete(Array, false)
#6 /opt/lampp/htdocs/students/app/Controllers/Home.php(96): CodeIgniter\BaseModel->delete(Array)
#7 /opt/lampp/htdocs/students/system/CodeIgniter.php(933): App\Controllers\Home->personas_delete('20')
#8 /opt/lampp/htdocs/students/system/CodeIgniter.php(509): CodeIgniter\CodeIgniter->runController(Object(App\Controllers\Home))
#9 /opt/lampp/htdocs/students/system/CodeIgniter.php(355): CodeIgniter\CodeIgniter->handleRequest(NULL, Object(Config\Cache), false)
#10 /opt/lampp/htdocs/students/system/Boot.php(312): CodeIgniter\CodeIgniter->run()
#11 /opt/lampp/htdocs/students/system/Boot.php(67): CodeIgniter\Boot::runCodeIgniter(Object(CodeIgniter\CodeIgniter))
#12 /opt/lampp/htdocs/students/index.php(56): CodeIgniter\Boot::bootWeb(Object(Config\Paths))
#13 {main}
CRITICAL - 2024-06-08 09:26:30 --> CodeIgniter\Database\Exceptions\DatabaseException: Cannot delete or update a parent row: a foreign key constraint fails (`db_data`.`empleos`, CONSTRAINT `empleos_ibfk_1` FOREIGN KEY (`id_persona`) REFERENCES `personas` (`id`))
[Method: DELETE, Route: personas/20]
in SYSTEMPATH/Database/BaseConnection.php on line 676.
 1 SYSTEMPATH/Database/BaseBuilder.php(2823): CodeIgniter\Database\BaseConnection->query('DELETE FROM `personas`
WHERE `id` IN :id:', [...], false)
 2 SYSTEMPATH/Model.php(510): CodeIgniter\Database\BaseBuilder->delete()
 3 SYSTEMPATH/BaseModel.php(1158): CodeIgniter\Model->doDelete([...], false)
 4 APPPATH/Controllers/Home.php(96): CodeIgniter\BaseModel->delete([...])
 5 SYSTEMPATH/CodeIgniter.php(933): App\Controllers\Home->personas_delete('20')
 6 SYSTEMPATH/CodeIgniter.php(509): CodeIgniter\CodeIgniter->runController(Object(App\Controllers\Home))
 7 SYSTEMPATH/CodeIgniter.php(355): CodeIgniter\CodeIgniter->handleRequest(null, Object(Config\Cache), false)
 8 SYSTEMPATH/Boot.php(312): CodeIgniter\CodeIgniter->run()
 9 SYSTEMPATH/Boot.php(67): CodeIgniter\Boot::runCodeIgniter(Object(CodeIgniter\CodeIgniter))
10 FCPATH/index.php(56): CodeIgniter\Boot::bootWeb(Object(Config\Paths))
CRITICAL - 2024-06-08 09:26:30 --> [Caused by] CodeIgniter\Database\Exceptions\DatabaseException: Cannot delete or update a parent row: a foreign key constraint fails (`db_data`.`empleos`, CONSTRAINT `empleos_ibfk_1` FOREIGN KEY (`id_persona`) REFERENCES `personas` (`id`))
in SYSTEMPATH/Database/MySQLi/Connection.php on line 313.
 1 SYSTEMPATH/Database/BaseConnection.php(722): CodeIgniter\Database\MySQLi\Connection->execute('DELETE FROM `personas`
WHERE `id` IN (\'20\')')
 2 SYSTEMPATH/Database/BaseConnection.php(636): CodeIgniter\Database\BaseConnection->simpleQuery('DELETE FROM `personas`
WHERE `id` IN (\'20\')')
 3 SYSTEMPATH/Database/BaseBuilder.php(2823): CodeIgniter\Database\BaseConnection->query('DELETE FROM `personas`
WHERE `id` IN :id:', [...], false)
 4 SYSTEMPATH/Model.php(510): CodeIgniter\Database\BaseBuilder->delete()
 5 SYSTEMPATH/BaseModel.php(1158): CodeIgniter\Model->doDelete([...], false)
 6 APPPATH/Controllers/Home.php(96): CodeIgniter\BaseModel->delete([...])
 7 SYSTEMPATH/CodeIgniter.php(933): App\Controllers\Home->personas_delete('20')
 8 SYSTEMPATH/CodeIgniter.php(509): CodeIgniter\CodeIgniter->runController(Object(App\Controllers\Home))
 9 SYSTEMPATH/CodeIgniter.php(355): CodeIgniter\CodeIgniter->handleRequest(null, Object(Config\Cache), false)
10 SYSTEMPATH/Boot.php(312): CodeIgniter\CodeIgniter->run()
11 SYSTEMPATH/Boot.php(67): CodeIgniter\Boot::runCodeIgniter(Object(CodeIgniter\CodeIgniter))
12 FCPATH/index.php(56): CodeIgniter\Boot::bootWeb(Object(Config\Paths))
CRITICAL - 2024-06-08 09:26:30 --> [Caused by] mysqli_sql_exception: Cannot delete or update a parent row: a foreign key constraint fails (`db_data`.`empleos`, CONSTRAINT `empleos_ibfk_1` FOREIGN KEY (`id_persona`) REFERENCES `personas` (`id`))
in SYSTEMPATH/Database/MySQLi/Connection.php on line 308.
 1 SYSTEMPATH/Database/MySQLi/Connection.php(308): mysqli->query('DELETE FROM `personas`
WHERE `id` IN (\'20\')', 0)
 2 SYSTEMPATH/Database/BaseConnection.php(722): CodeIgniter\Database\MySQLi\Connection->execute('DELETE FROM `personas`
WHERE `id` IN (\'20\')')
 3 SYSTEMPATH/Database/BaseConnection.php(636): CodeIgniter\Database\BaseConnection->simpleQuery('DELETE FROM `personas`
WHERE `id` IN (\'20\')')
 4 SYSTEMPATH/Database/BaseBuilder.php(2823): CodeIgniter\Database\BaseConnection->query('DELETE FROM `personas`
WHERE `id` IN :id:', [...], false)
 5 SYSTEMPATH/Model.php(510): CodeIgniter\Database\BaseBuilder->delete()
 6 SYSTEMPATH/BaseModel.php(1158): CodeIgniter\Model->doDelete([...], false)
 7 APPPATH/Controllers/Home.php(96): CodeIgniter\BaseModel->delete([...])
 8 SYSTEMPATH/CodeIgniter.php(933): App\Controllers\Home->personas_delete('20')
 9 SYSTEMPATH/CodeIgniter.php(509): CodeIgniter\CodeIgniter->runController(Object(App\Controllers\Home))
10 SYSTEMPATH/CodeIgniter.php(355): CodeIgniter\CodeIgniter->handleRequest(null, Object(Config\Cache), false)
11 SYSTEMPATH/Boot.php(312): CodeIgniter\CodeIgniter->run()
12 SYSTEMPATH/Boot.php(67): CodeIgniter\Boot::runCodeIgniter(Object(CodeIgniter\CodeIgniter))
13 FCPATH/index.php(56): CodeIgniter\Boot::bootWeb(Object(Config\Paths))
ERROR - 2024-06-08 09:26:31 --> mysqli_sql_exception: Cannot delete or update a parent row: a foreign key constraint fails (`db_data`.`empleos`, CONSTRAINT `empleos_ibfk_1` FOREIGN KEY (`id_persona`) REFERENCES `personas` (`id`)) in /opt/lampp/htdocs/students/system/Database/MySQLi/Connection.php:308
Stack trace:
#0 /opt/lampp/htdocs/students/system/Database/MySQLi/Connection.php(308): mysqli->query('DELETE FROM `pe...', 0)
#1 /opt/lampp/htdocs/students/system/Database/BaseConnection.php(722): CodeIgniter\Database\MySQLi\Connection->execute('DELETE FROM `pe...')
#2 /opt/lampp/htdocs/students/system/Database/BaseConnection.php(636): CodeIgniter\Database\BaseConnection->simpleQuery('DELETE FROM `pe...')
#3 /opt/lampp/htdocs/students/system/Database/BaseBuilder.php(2823): CodeIgniter\Database\BaseConnection->query('DELETE FROM `pe...', Array, false)
#4 /opt/lampp/htdocs/students/system/Model.php(510): CodeIgniter\Database\BaseBuilder->delete()
#5 /opt/lampp/htdocs/students/system/BaseModel.php(1158): CodeIgniter\Model->doDelete(Array, false)
#6 /opt/lampp/htdocs/students/app/Controllers/Home.php(96): CodeIgniter\BaseModel->delete(Array)
#7 /opt/lampp/htdocs/students/system/CodeIgniter.php(933): App\Controllers\Home->personas_delete('20')
#8 /opt/lampp/htdocs/students/system/CodeIgniter.php(509): CodeIgniter\CodeIgniter->runController(Object(App\Controllers\Home))
#9 /opt/lampp/htdocs/students/system/CodeIgniter.php(355): CodeIgniter\CodeIgniter->handleRequest(NULL, Object(Config\Cache), false)
#10 /opt/lampp/htdocs/students/system/Boot.php(312): CodeIgniter\CodeIgniter->run()
#11 /opt/lampp/htdocs/students/system/Boot.php(67): CodeIgniter\Boot::runCodeIgniter(Object(CodeIgniter\CodeIgniter))
#12 /opt/lampp/htdocs/students/index.php(56): CodeIgniter\Boot::bootWeb(Object(Config\Paths))
#13 {main}
CRITICAL - 2024-06-08 09:26:31 --> CodeIgniter\Database\Exceptions\DatabaseException: Cannot delete or update a parent row: a foreign key constraint fails (`db_data`.`empleos`, CONSTRAINT `empleos_ibfk_1` FOREIGN KEY (`id_persona`) REFERENCES `personas` (`id`))
[Method: DELETE, Route: personas/20]
in SYSTEMPATH/Database/BaseConnection.php on line 676.
 1 SYSTEMPATH/Database/BaseBuilder.php(2823): CodeIgniter\Database\BaseConnection->query('DELETE FROM `personas`
WHERE `id` IN :id:', [...], false)
 2 SYSTEMPATH/Model.php(510): CodeIgniter\Database\BaseBuilder->delete()
 3 SYSTEMPATH/BaseModel.php(1158): CodeIgniter\Model->doDelete([...], false)
 4 APPPATH/Controllers/Home.php(96): CodeIgniter\BaseModel->delete([...])
 5 SYSTEMPATH/CodeIgniter.php(933): App\Controllers\Home->personas_delete('20')
 6 SYSTEMPATH/CodeIgniter.php(509): CodeIgniter\CodeIgniter->runController(Object(App\Controllers\Home))
 7 SYSTEMPATH/CodeIgniter.php(355): CodeIgniter\CodeIgniter->handleRequest(null, Object(Config\Cache), false)
 8 SYSTEMPATH/Boot.php(312): CodeIgniter\CodeIgniter->run()
 9 SYSTEMPATH/Boot.php(67): CodeIgniter\Boot::runCodeIgniter(Object(CodeIgniter\CodeIgniter))
10 FCPATH/index.php(56): CodeIgniter\Boot::bootWeb(Object(Config\Paths))
CRITICAL - 2024-06-08 09:26:31 --> [Caused by] CodeIgniter\Database\Exceptions\DatabaseException: Cannot delete or update a parent row: a foreign key constraint fails (`db_data`.`empleos`, CONSTRAINT `empleos_ibfk_1` FOREIGN KEY (`id_persona`) REFERENCES `personas` (`id`))
in SYSTEMPATH/Database/MySQLi/Connection.php on line 313.
 1 SYSTEMPATH/Database/BaseConnection.php(722): CodeIgniter\Database\MySQLi\Connection->execute('DELETE FROM `personas`
WHERE `id` IN (\'20\')')
 2 SYSTEMPATH/Database/BaseConnection.php(636): CodeIgniter\Database\BaseConnection->simpleQuery('DELETE FROM `personas`
WHERE `id` IN (\'20\')')
 3 SYSTEMPATH/Database/BaseBuilder.php(2823): CodeIgniter\Database\BaseConnection->query('DELETE FROM `personas`
WHERE `id` IN :id:', [...], false)
 4 SYSTEMPATH/Model.php(510): CodeIgniter\Database\BaseBuilder->delete()
 5 SYSTEMPATH/BaseModel.php(1158): CodeIgniter\Model->doDelete([...], false)
 6 APPPATH/Controllers/Home.php(96): CodeIgniter\BaseModel->delete([...])
 7 SYSTEMPATH/CodeIgniter.php(933): App\Controllers\Home->personas_delete('20')
 8 SYSTEMPATH/CodeIgniter.php(509): CodeIgniter\CodeIgniter->runController(Object(App\Controllers\Home))
 9 SYSTEMPATH/CodeIgniter.php(355): CodeIgniter\CodeIgniter->handleRequest(null, Object(Config\Cache), false)
10 SYSTEMPATH/Boot.php(312): CodeIgniter\CodeIgniter->run()
11 SYSTEMPATH/Boot.php(67): CodeIgniter\Boot::runCodeIgniter(Object(CodeIgniter\CodeIgniter))
12 FCPATH/index.php(56): CodeIgniter\Boot::bootWeb(Object(Config\Paths))
CRITICAL - 2024-06-08 09:26:31 --> [Caused by] mysqli_sql_exception: Cannot delete or update a parent row: a foreign key constraint fails (`db_data`.`empleos`, CONSTRAINT `empleos_ibfk_1` FOREIGN KEY (`id_persona`) REFERENCES `personas` (`id`))
in SYSTEMPATH/Database/MySQLi/Connection.php on line 308.
 1 SYSTEMPATH/Database/MySQLi/Connection.php(308): mysqli->query('DELETE FROM `personas`
WHERE `id` IN (\'20\')', 0)
 2 SYSTEMPATH/Database/BaseConnection.php(722): CodeIgniter\Database\MySQLi\Connection->execute('DELETE FROM `personas`
WHERE `id` IN (\'20\')')
 3 SYSTEMPATH/Database/BaseConnection.php(636): CodeIgniter\Database\BaseConnection->simpleQuery('DELETE FROM `personas`
WHERE `id` IN (\'20\')')
 4 SYSTEMPATH/Database/BaseBuilder.php(2823): CodeIgniter\Database\BaseConnection->query('DELETE FROM `personas`
WHERE `id` IN :id:', [...], false)
 5 SYSTEMPATH/Model.php(510): CodeIgniter\Database\BaseBuilder->delete()
 6 SYSTEMPATH/BaseModel.php(1158): CodeIgniter\Model->doDelete([...], false)
 7 APPPATH/Controllers/Home.php(96): CodeIgniter\BaseModel->delete([...])
 8 SYSTEMPATH/CodeIgniter.php(933): App\Controllers\Home->personas_delete('20')
 9 SYSTEMPATH/CodeIgniter.php(509): CodeIgniter\CodeIgniter->runController(Object(App\Controllers\Home))
10 SYSTEMPATH/CodeIgniter.php(355): CodeIgniter\CodeIgniter->handleRequest(null, Object(Config\Cache), false)
11 SYSTEMPATH/Boot.php(312): CodeIgniter\CodeIgniter->run()
12 SYSTEMPATH/Boot.php(67): CodeIgniter\Boot::runCodeIgniter(Object(CodeIgniter\CodeIgniter))
13 FCPATH/index.php(56): CodeIgniter\Boot::bootWeb(Object(Config\Paths))
ERROR - 2024-06-08 09:26:33 --> mysqli_sql_exception: Cannot delete or update a parent row: a foreign key constraint fails (`db_data`.`empleos`, CONSTRAINT `empleos_ibfk_1` FOREIGN KEY (`id_persona`) REFERENCES `personas` (`id`)) in /opt/lampp/htdocs/students/system/Database/MySQLi/Connection.php:308
Stack trace:
#0 /opt/lampp/htdocs/students/system/Database/MySQLi/Connection.php(308): mysqli->query('DELETE FROM `pe...', 0)
#1 /opt/lampp/htdocs/students/system/Database/BaseConnection.php(722): CodeIgniter\Database\MySQLi\Connection->execute('DELETE FROM `pe...')
#2 /opt/lampp/htdocs/students/system/Database/BaseConnection.php(636): CodeIgniter\Database\BaseConnection->simpleQuery('DELETE FROM `pe...')
#3 /opt/lampp/htdocs/students/system/Database/BaseBuilder.php(2823): CodeIgniter\Database\BaseConnection->query('DELETE FROM `pe...', Array, false)
#4 /opt/lampp/htdocs/students/system/Model.php(510): CodeIgniter\Database\BaseBuilder->delete()
#5 /opt/lampp/htdocs/students/system/BaseModel.php(1158): CodeIgniter\Model->doDelete(Array, false)
#6 /opt/lampp/htdocs/students/app/Controllers/Home.php(96): CodeIgniter\BaseModel->delete(Array)
#7 /opt/lampp/htdocs/students/system/CodeIgniter.php(933): App\Controllers\Home->personas_delete('20')
#8 /opt/lampp/htdocs/students/system/CodeIgniter.php(509): CodeIgniter\CodeIgniter->runController(Object(App\Controllers\Home))
#9 /opt/lampp/htdocs/students/system/CodeIgniter.php(355): CodeIgniter\CodeIgniter->handleRequest(NULL, Object(Config\Cache), false)
#10 /opt/lampp/htdocs/students/system/Boot.php(312): CodeIgniter\CodeIgniter->run()
#11 /opt/lampp/htdocs/students/system/Boot.php(67): CodeIgniter\Boot::runCodeIgniter(Object(CodeIgniter\CodeIgniter))
#12 /opt/lampp/htdocs/students/index.php(56): CodeIgniter\Boot::bootWeb(Object(Config\Paths))
#13 {main}
CRITICAL - 2024-06-08 09:26:33 --> CodeIgniter\Database\Exceptions\DatabaseException: Cannot delete or update a parent row: a foreign key constraint fails (`db_data`.`empleos`, CONSTRAINT `empleos_ibfk_1` FOREIGN KEY (`id_persona`) REFERENCES `personas` (`id`))
[Method: DELETE, Route: personas/20]
in SYSTEMPATH/Database/BaseConnection.php on line 676.
 1 SYSTEMPATH/Database/BaseBuilder.php(2823): CodeIgniter\Database\BaseConnection->query('DELETE FROM `personas`
WHERE `id` IN :id:', [...], false)
 2 SYSTEMPATH/Model.php(510): CodeIgniter\Database\BaseBuilder->delete()
 3 SYSTEMPATH/BaseModel.php(1158): CodeIgniter\Model->doDelete([...], false)
 4 APPPATH/Controllers/Home.php(96): CodeIgniter\BaseModel->delete([...])
 5 SYSTEMPATH/CodeIgniter.php(933): App\Controllers\Home->personas_delete('20')
 6 SYSTEMPATH/CodeIgniter.php(509): CodeIgniter\CodeIgniter->runController(Object(App\Controllers\Home))
 7 SYSTEMPATH/CodeIgniter.php(355): CodeIgniter\CodeIgniter->handleRequest(null, Object(Config\Cache), false)
 8 SYSTEMPATH/Boot.php(312): CodeIgniter\CodeIgniter->run()
 9 SYSTEMPATH/Boot.php(67): CodeIgniter\Boot::runCodeIgniter(Object(CodeIgniter\CodeIgniter))
10 FCPATH/index.php(56): CodeIgniter\Boot::bootWeb(Object(Config\Paths))
CRITICAL - 2024-06-08 09:26:33 --> [Caused by] CodeIgniter\Database\Exceptions\DatabaseException: Cannot delete or update a parent row: a foreign key constraint fails (`db_data`.`empleos`, CONSTRAINT `empleos_ibfk_1` FOREIGN KEY (`id_persona`) REFERENCES `personas` (`id`))
in SYSTEMPATH/Database/MySQLi/Connection.php on line 313.
 1 SYSTEMPATH/Database/BaseConnection.php(722): CodeIgniter\Database\MySQLi\Connection->execute('DELETE FROM `personas`
WHERE `id` IN (\'20\')')
 2 SYSTEMPATH/Database/BaseConnection.php(636): CodeIgniter\Database\BaseConnection->simpleQuery('DELETE FROM `personas`
WHERE `id` IN (\'20\')')
 3 SYSTEMPATH/Database/BaseBuilder.php(2823): CodeIgniter\Database\BaseConnection->query('DELETE FROM `personas`
WHERE `id` IN :id:', [...], false)
 4 SYSTEMPATH/Model.php(510): CodeIgniter\Database\BaseBuilder->delete()
 5 SYSTEMPATH/BaseModel.php(1158): CodeIgniter\Model->doDelete([...], false)
 6 APPPATH/Controllers/Home.php(96): CodeIgniter\BaseModel->delete([...])
 7 SYSTEMPATH/CodeIgniter.php(933): App\Controllers\Home->personas_delete('20')
 8 SYSTEMPATH/CodeIgniter.php(509): CodeIgniter\CodeIgniter->runController(Object(App\Controllers\Home))
 9 SYSTEMPATH/CodeIgniter.php(355): CodeIgniter\CodeIgniter->handleRequest(null, Object(Config\Cache), false)
10 SYSTEMPATH/Boot.php(312): CodeIgniter\CodeIgniter->run()
11 SYSTEMPATH/Boot.php(67): CodeIgniter\Boot::runCodeIgniter(Object(CodeIgniter\CodeIgniter))
12 FCPATH/index.php(56): CodeIgniter\Boot::bootWeb(Object(Config\Paths))
CRITICAL - 2024-06-08 09:26:33 --> [Caused by] mysqli_sql_exception: Cannot delete or update a parent row: a foreign key constraint fails (`db_data`.`empleos`, CONSTRAINT `empleos_ibfk_1` FOREIGN KEY (`id_persona`) REFERENCES `personas` (`id`))
in SYSTEMPATH/Database/MySQLi/Connection.php on line 308.
 1 SYSTEMPATH/Database/MySQLi/Connection.php(308): mysqli->query('DELETE FROM `personas`
WHERE `id` IN (\'20\')', 0)
 2 SYSTEMPATH/Database/BaseConnection.php(722): CodeIgniter\Database\MySQLi\Connection->execute('DELETE FROM `personas`
WHERE `id` IN (\'20\')')
 3 SYSTEMPATH/Database/BaseConnection.php(636): CodeIgniter\Database\BaseConnection->simpleQuery('DELETE FROM `personas`
WHERE `id` IN (\'20\')')
 4 SYSTEMPATH/Database/BaseBuilder.php(2823): CodeIgniter\Database\BaseConnection->query('DELETE FROM `personas`
WHERE `id` IN :id:', [...], false)
 5 SYSTEMPATH/Model.php(510): CodeIgniter\Database\BaseBuilder->delete()
 6 SYSTEMPATH/BaseModel.php(1158): CodeIgniter\Model->doDelete([...], false)
 7 APPPATH/Controllers/Home.php(96): CodeIgniter\BaseModel->delete([...])
 8 SYSTEMPATH/CodeIgniter.php(933): App\Controllers\Home->personas_delete('20')
 9 SYSTEMPATH/CodeIgniter.php(509): CodeIgniter\CodeIgniter->runController(Object(App\Controllers\Home))
10 SYSTEMPATH/CodeIgniter.php(355): CodeIgniter\CodeIgniter->handleRequest(null, Object(Config\Cache), false)
11 SYSTEMPATH/Boot.php(312): CodeIgniter\CodeIgniter->run()
12 SYSTEMPATH/Boot.php(67): CodeIgniter\Boot::runCodeIgniter(Object(CodeIgniter\CodeIgniter))
13 FCPATH/index.php(56): CodeIgniter\Boot::bootWeb(Object(Config\Paths))
ERROR - 2024-06-08 09:30:48 --> mysqli_sql_exception: Cannot delete or update a parent row: a foreign key constraint fails (`db_data`.`empleos`, CONSTRAINT `empleos_ibfk_1` FOREIGN KEY (`id_persona`) REFERENCES `personas` (`id`)) in /opt/lampp/htdocs/students/system/Database/MySQLi/Connection.php:308
Stack trace:
#0 /opt/lampp/htdocs/students/system/Database/MySQLi/Connection.php(308): mysqli->query('DELETE FROM `pe...', 0)
#1 /opt/lampp/htdocs/students/system/Database/BaseConnection.php(722): CodeIgniter\Database\MySQLi\Connection->execute('DELETE FROM `pe...')
#2 /opt/lampp/htdocs/students/system/Database/BaseConnection.php(636): CodeIgniter\Database\BaseConnection->simpleQuery('DELETE FROM `pe...')
#3 /opt/lampp/htdocs/students/system/Database/BaseBuilder.php(2823): CodeIgniter\Database\BaseConnection->query('DELETE FROM `pe...', Array, false)
#4 /opt/lampp/htdocs/students/system/Model.php(510): CodeIgniter\Database\BaseBuilder->delete()
#5 /opt/lampp/htdocs/students/system/BaseModel.php(1158): CodeIgniter\Model->doDelete(Array, false)
#6 /opt/lampp/htdocs/students/app/Controllers/Home.php(96): CodeIgniter\BaseModel->delete(Array)
#7 /opt/lampp/htdocs/students/system/CodeIgniter.php(933): App\Controllers\Home->personas_delete('20')
#8 /opt/lampp/htdocs/students/system/CodeIgniter.php(509): CodeIgniter\CodeIgniter->runController(Object(App\Controllers\Home))
#9 /opt/lampp/htdocs/students/system/CodeIgniter.php(355): CodeIgniter\CodeIgniter->handleRequest(NULL, Object(Config\Cache), false)
#10 /opt/lampp/htdocs/students/system/Boot.php(312): CodeIgniter\CodeIgniter->run()
#11 /opt/lampp/htdocs/students/system/Boot.php(67): CodeIgniter\Boot::runCodeIgniter(Object(CodeIgniter\CodeIgniter))
#12 /opt/lampp/htdocs/students/index.php(56): CodeIgniter\Boot::bootWeb(Object(Config\Paths))
#13 {main}
CRITICAL - 2024-06-08 09:30:48 --> CodeIgniter\Database\Exceptions\DatabaseException: Cannot delete or update a parent row: a foreign key constraint fails (`db_data`.`empleos`, CONSTRAINT `empleos_ibfk_1` FOREIGN KEY (`id_persona`) REFERENCES `personas` (`id`))
[Method: DELETE, Route: personas/20]
in SYSTEMPATH/Database/BaseConnection.php on line 676.
 1 SYSTEMPATH/Database/BaseBuilder.php(2823): CodeIgniter\Database\BaseConnection->query('DELETE FROM `personas`
WHERE `id` IN :id:', [...], false)
 2 SYSTEMPATH/Model.php(510): CodeIgniter\Database\BaseBuilder->delete()
 3 SYSTEMPATH/BaseModel.php(1158): CodeIgniter\Model->doDelete([...], false)
 4 APPPATH/Controllers/Home.php(96): CodeIgniter\BaseModel->delete([...])
 5 SYSTEMPATH/CodeIgniter.php(933): App\Controllers\Home->personas_delete('20')
 6 SYSTEMPATH/CodeIgniter.php(509): CodeIgniter\CodeIgniter->runController(Object(App\Controllers\Home))
 7 SYSTEMPATH/CodeIgniter.php(355): CodeIgniter\CodeIgniter->handleRequest(null, Object(Config\Cache), false)
 8 SYSTEMPATH/Boot.php(312): CodeIgniter\CodeIgniter->run()
 9 SYSTEMPATH/Boot.php(67): CodeIgniter\Boot::runCodeIgniter(Object(CodeIgniter\CodeIgniter))
10 FCPATH/index.php(56): CodeIgniter\Boot::bootWeb(Object(Config\Paths))
CRITICAL - 2024-06-08 09:30:48 --> [Caused by] CodeIgniter\Database\Exceptions\DatabaseException: Cannot delete or update a parent row: a foreign key constraint fails (`db_data`.`empleos`, CONSTRAINT `empleos_ibfk_1` FOREIGN KEY (`id_persona`) REFERENCES `personas` (`id`))
in SYSTEMPATH/Database/MySQLi/Connection.php on line 313.
 1 SYSTEMPATH/Database/BaseConnection.php(722): CodeIgniter\Database\MySQLi\Connection->execute('DELETE FROM `personas`
WHERE `id` IN (\'20\')')
 2 SYSTEMPATH/Database/BaseConnection.php(636): CodeIgniter\Database\BaseConnection->simpleQuery('DELETE FROM `personas`
WHERE `id` IN (\'20\')')
 3 SYSTEMPATH/Database/BaseBuilder.php(2823): CodeIgniter\Database\BaseConnection->query('DELETE FROM `personas`
WHERE `id` IN :id:', [...], false)
 4 SYSTEMPATH/Model.php(510): CodeIgniter\Database\BaseBuilder->delete()
 5 SYSTEMPATH/BaseModel.php(1158): CodeIgniter\Model->doDelete([...], false)
 6 APPPATH/Controllers/Home.php(96): CodeIgniter\BaseModel->delete([...])
 7 SYSTEMPATH/CodeIgniter.php(933): App\Controllers\Home->personas_delete('20')
 8 SYSTEMPATH/CodeIgniter.php(509): CodeIgniter\CodeIgniter->runController(Object(App\Controllers\Home))
 9 SYSTEMPATH/CodeIgniter.php(355): CodeIgniter\CodeIgniter->handleRequest(null, Object(Config\Cache), false)
10 SYSTEMPATH/Boot.php(312): CodeIgniter\CodeIgniter->run()
11 SYSTEMPATH/Boot.php(67): CodeIgniter\Boot::runCodeIgniter(Object(CodeIgniter\CodeIgniter))
12 FCPATH/index.php(56): CodeIgniter\Boot::bootWeb(Object(Config\Paths))
CRITICAL - 2024-06-08 09:30:48 --> [Caused by] mysqli_sql_exception: Cannot delete or update a parent row: a foreign key constraint fails (`db_data`.`empleos`, CONSTRAINT `empleos_ibfk_1` FOREIGN KEY (`id_persona`) REFERENCES `personas` (`id`))
in SYSTEMPATH/Database/MySQLi/Connection.php on line 308.
 1 SYSTEMPATH/Database/MySQLi/Connection.php(308): mysqli->query('DELETE FROM `personas`
WHERE `id` IN (\'20\')', 0)
 2 SYSTEMPATH/Database/BaseConnection.php(722): CodeIgniter\Database\MySQLi\Connection->execute('DELETE FROM `personas`
WHERE `id` IN (\'20\')')
 3 SYSTEMPATH/Database/BaseConnection.php(636): CodeIgniter\Database\BaseConnection->simpleQuery('DELETE FROM `personas`
WHERE `id` IN (\'20\')')
 4 SYSTEMPATH/Database/BaseBuilder.php(2823): CodeIgniter\Database\BaseConnection->query('DELETE FROM `personas`
WHERE `id` IN :id:', [...], false)
 5 SYSTEMPATH/Model.php(510): CodeIgniter\Database\BaseBuilder->delete()
 6 SYSTEMPATH/BaseModel.php(1158): CodeIgniter\Model->doDelete([...], false)
 7 APPPATH/Controllers/Home.php(96): CodeIgniter\BaseModel->delete([...])
 8 SYSTEMPATH/CodeIgniter.php(933): App\Controllers\Home->personas_delete('20')
 9 SYSTEMPATH/CodeIgniter.php(509): CodeIgniter\CodeIgniter->runController(Object(App\Controllers\Home))
10 SYSTEMPATH/CodeIgniter.php(355): CodeIgniter\CodeIgniter->handleRequest(null, Object(Config\Cache), false)
11 SYSTEMPATH/Boot.php(312): CodeIgniter\CodeIgniter->run()
12 SYSTEMPATH/Boot.php(67): CodeIgniter\Boot::runCodeIgniter(Object(CodeIgniter\CodeIgniter))
13 FCPATH/index.php(56): CodeIgniter\Boot::bootWeb(Object(Config\Paths))
ERROR - 2024-06-08 09:30:49 --> mysqli_sql_exception: Cannot delete or update a parent row: a foreign key constraint fails (`db_data`.`empleos`, CONSTRAINT `empleos_ibfk_1` FOREIGN KEY (`id_persona`) REFERENCES `personas` (`id`)) in /opt/lampp/htdocs/students/system/Database/MySQLi/Connection.php:308
Stack trace:
#0 /opt/lampp/htdocs/students/system/Database/MySQLi/Connection.php(308): mysqli->query('DELETE FROM `pe...', 0)
#1 /opt/lampp/htdocs/students/system/Database/BaseConnection.php(722): CodeIgniter\Database\MySQLi\Connection->execute('DELETE FROM `pe...')
#2 /opt/lampp/htdocs/students/system/Database/BaseConnection.php(636): CodeIgniter\Database\BaseConnection->simpleQuery('DELETE FROM `pe...')
#3 /opt/lampp/htdocs/students/system/Database/BaseBuilder.php(2823): CodeIgniter\Database\BaseConnection->query('DELETE FROM `pe...', Array, false)
#4 /opt/lampp/htdocs/students/system/Model.php(510): CodeIgniter\Database\BaseBuilder->delete()
#5 /opt/lampp/htdocs/students/system/BaseModel.php(1158): CodeIgniter\Model->doDelete(Array, false)
#6 /opt/lampp/htdocs/students/app/Controllers/Home.php(96): CodeIgniter\BaseModel->delete(Array)
#7 /opt/lampp/htdocs/students/system/CodeIgniter.php(933): App\Controllers\Home->personas_delete('20')
#8 /opt/lampp/htdocs/students/system/CodeIgniter.php(509): CodeIgniter\CodeIgniter->runController(Object(App\Controllers\Home))
#9 /opt/lampp/htdocs/students/system/CodeIgniter.php(355): CodeIgniter\CodeIgniter->handleRequest(NULL, Object(Config\Cache), false)
#10 /opt/lampp/htdocs/students/system/Boot.php(312): CodeIgniter\CodeIgniter->run()
#11 /opt/lampp/htdocs/students/system/Boot.php(67): CodeIgniter\Boot::runCodeIgniter(Object(CodeIgniter\CodeIgniter))
#12 /opt/lampp/htdocs/students/index.php(56): CodeIgniter\Boot::bootWeb(Object(Config\Paths))
#13 {main}
CRITICAL - 2024-06-08 09:30:49 --> CodeIgniter\Database\Exceptions\DatabaseException: Cannot delete or update a parent row: a foreign key constraint fails (`db_data`.`empleos`, CONSTRAINT `empleos_ibfk_1` FOREIGN KEY (`id_persona`) REFERENCES `personas` (`id`))
[Method: DELETE, Route: personas/20]
in SYSTEMPATH/Database/BaseConnection.php on line 676.
 1 SYSTEMPATH/Database/BaseBuilder.php(2823): CodeIgniter\Database\BaseConnection->query('DELETE FROM `personas`
WHERE `id` IN :id:', [...], false)
 2 SYSTEMPATH/Model.php(510): CodeIgniter\Database\BaseBuilder->delete()
 3 SYSTEMPATH/BaseModel.php(1158): CodeIgniter\Model->doDelete([...], false)
 4 APPPATH/Controllers/Home.php(96): CodeIgniter\BaseModel->delete([...])
 5 SYSTEMPATH/CodeIgniter.php(933): App\Controllers\Home->personas_delete('20')
 6 SYSTEMPATH/CodeIgniter.php(509): CodeIgniter\CodeIgniter->runController(Object(App\Controllers\Home))
 7 SYSTEMPATH/CodeIgniter.php(355): CodeIgniter\CodeIgniter->handleRequest(null, Object(Config\Cache), false)
 8 SYSTEMPATH/Boot.php(312): CodeIgniter\CodeIgniter->run()
 9 SYSTEMPATH/Boot.php(67): CodeIgniter\Boot::runCodeIgniter(Object(CodeIgniter\CodeIgniter))
10 FCPATH/index.php(56): CodeIgniter\Boot::bootWeb(Object(Config\Paths))
CRITICAL - 2024-06-08 09:30:49 --> [Caused by] CodeIgniter\Database\Exceptions\DatabaseException: Cannot delete or update a parent row: a foreign key constraint fails (`db_data`.`empleos`, CONSTRAINT `empleos_ibfk_1` FOREIGN KEY (`id_persona`) REFERENCES `personas` (`id`))
in SYSTEMPATH/Database/MySQLi/Connection.php on line 313.
 1 SYSTEMPATH/Database/BaseConnection.php(722): CodeIgniter\Database\MySQLi\Connection->execute('DELETE FROM `personas`
WHERE `id` IN (\'20\')')
 2 SYSTEMPATH/Database/BaseConnection.php(636): CodeIgniter\Database\BaseConnection->simpleQuery('DELETE FROM `personas`
WHERE `id` IN (\'20\')')
 3 SYSTEMPATH/Database/BaseBuilder.php(2823): CodeIgniter\Database\BaseConnection->query('DELETE FROM `personas`
WHERE `id` IN :id:', [...], false)
 4 SYSTEMPATH/Model.php(510): CodeIgniter\Database\BaseBuilder->delete()
 5 SYSTEMPATH/BaseModel.php(1158): CodeIgniter\Model->doDelete([...], false)
 6 APPPATH/Controllers/Home.php(96): CodeIgniter\BaseModel->delete([...])
 7 SYSTEMPATH/CodeIgniter.php(933): App\Controllers\Home->personas_delete('20')
 8 SYSTEMPATH/CodeIgniter.php(509): CodeIgniter\CodeIgniter->runController(Object(App\Controllers\Home))
 9 SYSTEMPATH/CodeIgniter.php(355): CodeIgniter\CodeIgniter->handleRequest(null, Object(Config\Cache), false)
10 SYSTEMPATH/Boot.php(312): CodeIgniter\CodeIgniter->run()
11 SYSTEMPATH/Boot.php(67): CodeIgniter\Boot::runCodeIgniter(Object(CodeIgniter\CodeIgniter))
12 FCPATH/index.php(56): CodeIgniter\Boot::bootWeb(Object(Config\Paths))
CRITICAL - 2024-06-08 09:30:49 --> [Caused by] mysqli_sql_exception: Cannot delete or update a parent row: a foreign key constraint fails (`db_data`.`empleos`, CONSTRAINT `empleos_ibfk_1` FOREIGN KEY (`id_persona`) REFERENCES `personas` (`id`))
in SYSTEMPATH/Database/MySQLi/Connection.php on line 308.
 1 SYSTEMPATH/Database/MySQLi/Connection.php(308): mysqli->query('DELETE FROM `personas`
WHERE `id` IN (\'20\')', 0)
 2 SYSTEMPATH/Database/BaseConnection.php(722): CodeIgniter\Database\MySQLi\Connection->execute('DELETE FROM `personas`
WHERE `id` IN (\'20\')')
 3 SYSTEMPATH/Database/BaseConnection.php(636): CodeIgniter\Database\BaseConnection->simpleQuery('DELETE FROM `personas`
WHERE `id` IN (\'20\')')
 4 SYSTEMPATH/Database/BaseBuilder.php(2823): CodeIgniter\Database\BaseConnection->query('DELETE FROM `personas`
WHERE `id` IN :id:', [...], false)
 5 SYSTEMPATH/Model.php(510): CodeIgniter\Database\BaseBuilder->delete()
 6 SYSTEMPATH/BaseModel.php(1158): CodeIgniter\Model->doDelete([...], false)
 7 APPPATH/Controllers/Home.php(96): CodeIgniter\BaseModel->delete([...])
 8 SYSTEMPATH/CodeIgniter.php(933): App\Controllers\Home->personas_delete('20')
 9 SYSTEMPATH/CodeIgniter.php(509): CodeIgniter\CodeIgniter->runController(Object(App\Controllers\Home))
10 SYSTEMPATH/CodeIgniter.php(355): CodeIgniter\CodeIgniter->handleRequest(null, Object(Config\Cache), false)
11 SYSTEMPATH/Boot.php(312): CodeIgniter\CodeIgniter->run()
12 SYSTEMPATH/Boot.php(67): CodeIgniter\Boot::runCodeIgniter(Object(CodeIgniter\CodeIgniter))
13 FCPATH/index.php(56): CodeIgniter\Boot::bootWeb(Object(Config\Paths))
ERROR - 2024-06-08 09:30:58 --> mysqli_sql_exception: Cannot delete or update a parent row: a foreign key constraint fails (`db_data`.`empleos`, CONSTRAINT `empleos_ibfk_1` FOREIGN KEY (`id_persona`) REFERENCES `personas` (`id`)) in /opt/lampp/htdocs/students/system/Database/MySQLi/Connection.php:308
Stack trace:
#0 /opt/lampp/htdocs/students/system/Database/MySQLi/Connection.php(308): mysqli->query('DELETE FROM `pe...', 0)
#1 /opt/lampp/htdocs/students/system/Database/BaseConnection.php(722): CodeIgniter\Database\MySQLi\Connection->execute('DELETE FROM `pe...')
#2 /opt/lampp/htdocs/students/system/Database/BaseConnection.php(636): CodeIgniter\Database\BaseConnection->simpleQuery('DELETE FROM `pe...')
#3 /opt/lampp/htdocs/students/system/Database/BaseBuilder.php(2823): CodeIgniter\Database\BaseConnection->query('DELETE FROM `pe...', Array, false)
#4 /opt/lampp/htdocs/students/system/Model.php(510): CodeIgniter\Database\BaseBuilder->delete()
#5 /opt/lampp/htdocs/students/system/BaseModel.php(1158): CodeIgniter\Model->doDelete(Array, false)
#6 /opt/lampp/htdocs/students/app/Controllers/Home.php(96): CodeIgniter\BaseModel->delete(Array)
#7 /opt/lampp/htdocs/students/system/CodeIgniter.php(933): App\Controllers\Home->personas_delete('20')
#8 /opt/lampp/htdocs/students/system/CodeIgniter.php(509): CodeIgniter\CodeIgniter->runController(Object(App\Controllers\Home))
#9 /opt/lampp/htdocs/students/system/CodeIgniter.php(355): CodeIgniter\CodeIgniter->handleRequest(NULL, Object(Config\Cache), false)
#10 /opt/lampp/htdocs/students/system/Boot.php(312): CodeIgniter\CodeIgniter->run()
#11 /opt/lampp/htdocs/students/system/Boot.php(67): CodeIgniter\Boot::runCodeIgniter(Object(CodeIgniter\CodeIgniter))
#12 /opt/lampp/htdocs/students/index.php(56): CodeIgniter\Boot::bootWeb(Object(Config\Paths))
#13 {main}
CRITICAL - 2024-06-08 09:30:58 --> CodeIgniter\Database\Exceptions\DatabaseException: Cannot delete or update a parent row: a foreign key constraint fails (`db_data`.`empleos`, CONSTRAINT `empleos_ibfk_1` FOREIGN KEY (`id_persona`) REFERENCES `personas` (`id`))
[Method: DELETE, Route: personas/20]
in SYSTEMPATH/Database/BaseConnection.php on line 676.
 1 SYSTEMPATH/Database/BaseBuilder.php(2823): CodeIgniter\Database\BaseConnection->query('DELETE FROM `personas`
WHERE `id` IN :id:', [...], false)
 2 SYSTEMPATH/Model.php(510): CodeIgniter\Database\BaseBuilder->delete()
 3 SYSTEMPATH/BaseModel.php(1158): CodeIgniter\Model->doDelete([...], false)
 4 APPPATH/Controllers/Home.php(96): CodeIgniter\BaseModel->delete([...])
 5 SYSTEMPATH/CodeIgniter.php(933): App\Controllers\Home->personas_delete('20')
 6 SYSTEMPATH/CodeIgniter.php(509): CodeIgniter\CodeIgniter->runController(Object(App\Controllers\Home))
 7 SYSTEMPATH/CodeIgniter.php(355): CodeIgniter\CodeIgniter->handleRequest(null, Object(Config\Cache), false)
 8 SYSTEMPATH/Boot.php(312): CodeIgniter\CodeIgniter->run()
 9 SYSTEMPATH/Boot.php(67): CodeIgniter\Boot::runCodeIgniter(Object(CodeIgniter\CodeIgniter))
10 FCPATH/index.php(56): CodeIgniter\Boot::bootWeb(Object(Config\Paths))
CRITICAL - 2024-06-08 09:30:58 --> [Caused by] CodeIgniter\Database\Exceptions\DatabaseException: Cannot delete or update a parent row: a foreign key constraint fails (`db_data`.`empleos`, CONSTRAINT `empleos_ibfk_1` FOREIGN KEY (`id_persona`) REFERENCES `personas` (`id`))
in SYSTEMPATH/Database/MySQLi/Connection.php on line 313.
 1 SYSTEMPATH/Database/BaseConnection.php(722): CodeIgniter\Database\MySQLi\Connection->execute('DELETE FROM `personas`
WHERE `id` IN (\'20\')')
 2 SYSTEMPATH/Database/BaseConnection.php(636): CodeIgniter\Database\BaseConnection->simpleQuery('DELETE FROM `personas`
WHERE `id` IN (\'20\')')
 3 SYSTEMPATH/Database/BaseBuilder.php(2823): CodeIgniter\Database\BaseConnection->query('DELETE FROM `personas`
WHERE `id` IN :id:', [...], false)
 4 SYSTEMPATH/Model.php(510): CodeIgniter\Database\BaseBuilder->delete()
 5 SYSTEMPATH/BaseModel.php(1158): CodeIgniter\Model->doDelete([...], false)
 6 APPPATH/Controllers/Home.php(96): CodeIgniter\BaseModel->delete([...])
 7 SYSTEMPATH/CodeIgniter.php(933): App\Controllers\Home->personas_delete('20')
 8 SYSTEMPATH/CodeIgniter.php(509): CodeIgniter\CodeIgniter->runController(Object(App\Controllers\Home))
 9 SYSTEMPATH/CodeIgniter.php(355): CodeIgniter\CodeIgniter->handleRequest(null, Object(Config\Cache), false)
10 SYSTEMPATH/Boot.php(312): CodeIgniter\CodeIgniter->run()
11 SYSTEMPATH/Boot.php(67): CodeIgniter\Boot::runCodeIgniter(Object(CodeIgniter\CodeIgniter))
12 FCPATH/index.php(56): CodeIgniter\Boot::bootWeb(Object(Config\Paths))
CRITICAL - 2024-06-08 09:30:58 --> [Caused by] mysqli_sql_exception: Cannot delete or update a parent row: a foreign key constraint fails (`db_data`.`empleos`, CONSTRAINT `empleos_ibfk_1` FOREIGN KEY (`id_persona`) REFERENCES `personas` (`id`))
in SYSTEMPATH/Database/MySQLi/Connection.php on line 308.
 1 SYSTEMPATH/Database/MySQLi/Connection.php(308): mysqli->query('DELETE FROM `personas`
WHERE `id` IN (\'20\')', 0)
 2 SYSTEMPATH/Database/BaseConnection.php(722): CodeIgniter\Database\MySQLi\Connection->execute('DELETE FROM `personas`
WHERE `id` IN (\'20\')')
 3 SYSTEMPATH/Database/BaseConnection.php(636): CodeIgniter\Database\BaseConnection->simpleQuery('DELETE FROM `personas`
WHERE `id` IN (\'20\')')
 4 SYSTEMPATH/Database/BaseBuilder.php(2823): CodeIgniter\Database\BaseConnection->query('DELETE FROM `personas`
WHERE `id` IN :id:', [...], false)
 5 SYSTEMPATH/Model.php(510): CodeIgniter\Database\BaseBuilder->delete()
 6 SYSTEMPATH/BaseModel.php(1158): CodeIgniter\Model->doDelete([...], false)
 7 APPPATH/Controllers/Home.php(96): CodeIgniter\BaseModel->delete([...])
 8 SYSTEMPATH/CodeIgniter.php(933): App\Controllers\Home->personas_delete('20')
 9 SYSTEMPATH/CodeIgniter.php(509): CodeIgniter\CodeIgniter->runController(Object(App\Controllers\Home))
10 SYSTEMPATH/CodeIgniter.php(355): CodeIgniter\CodeIgniter->handleRequest(null, Object(Config\Cache), false)
11 SYSTEMPATH/Boot.php(312): CodeIgniter\CodeIgniter->run()
12 SYSTEMPATH/Boot.php(67): CodeIgniter\Boot::runCodeIgniter(Object(CodeIgniter\CodeIgniter))
13 FCPATH/index.php(56): CodeIgniter\Boot::bootWeb(Object(Config\Paths))
ERROR - 2024-06-08 09:31:00 --> mysqli_sql_exception: Cannot delete or update a parent row: a foreign key constraint fails (`db_data`.`empleos`, CONSTRAINT `empleos_ibfk_1` FOREIGN KEY (`id_persona`) REFERENCES `personas` (`id`)) in /opt/lampp/htdocs/students/system/Database/MySQLi/Connection.php:308
Stack trace:
#0 /opt/lampp/htdocs/students/system/Database/MySQLi/Connection.php(308): mysqli->query('DELETE FROM `pe...', 0)
#1 /opt/lampp/htdocs/students/system/Database/BaseConnection.php(722): CodeIgniter\Database\MySQLi\Connection->execute('DELETE FROM `pe...')
#2 /opt/lampp/htdocs/students/system/Database/BaseConnection.php(636): CodeIgniter\Database\BaseConnection->simpleQuery('DELETE FROM `pe...')
#3 /opt/lampp/htdocs/students/system/Database/BaseBuilder.php(2823): CodeIgniter\Database\BaseConnection->query('DELETE FROM `pe...', Array, false)
#4 /opt/lampp/htdocs/students/system/Model.php(510): CodeIgniter\Database\BaseBuilder->delete()
#5 /opt/lampp/htdocs/students/system/BaseModel.php(1158): CodeIgniter\Model->doDelete(Array, false)
#6 /opt/lampp/htdocs/students/app/Controllers/Home.php(96): CodeIgniter\BaseModel->delete(Array)
#7 /opt/lampp/htdocs/students/system/CodeIgniter.php(933): App\Controllers\Home->personas_delete('20')
#8 /opt/lampp/htdocs/students/system/CodeIgniter.php(509): CodeIgniter\CodeIgniter->runController(Object(App\Controllers\Home))
#9 /opt/lampp/htdocs/students/system/CodeIgniter.php(355): CodeIgniter\CodeIgniter->handleRequest(NULL, Object(Config\Cache), false)
#10 /opt/lampp/htdocs/students/system/Boot.php(312): CodeIgniter\CodeIgniter->run()
#11 /opt/lampp/htdocs/students/system/Boot.php(67): CodeIgniter\Boot::runCodeIgniter(Object(CodeIgniter\CodeIgniter))
#12 /opt/lampp/htdocs/students/index.php(56): CodeIgniter\Boot::bootWeb(Object(Config\Paths))
#13 {main}
CRITICAL - 2024-06-08 09:31:00 --> CodeIgniter\Database\Exceptions\DatabaseException: Cannot delete or update a parent row: a foreign key constraint fails (`db_data`.`empleos`, CONSTRAINT `empleos_ibfk_1` FOREIGN KEY (`id_persona`) REFERENCES `personas` (`id`))
[Method: DELETE, Route: personas/20]
in SYSTEMPATH/Database/BaseConnection.php on line 676.
 1 SYSTEMPATH/Database/BaseBuilder.php(2823): CodeIgniter\Database\BaseConnection->query('DELETE FROM `personas`
WHERE `id` IN :id:', [...], false)
 2 SYSTEMPATH/Model.php(510): CodeIgniter\Database\BaseBuilder->delete()
 3 SYSTEMPATH/BaseModel.php(1158): CodeIgniter\Model->doDelete([...], false)
 4 APPPATH/Controllers/Home.php(96): CodeIgniter\BaseModel->delete([...])
 5 SYSTEMPATH/CodeIgniter.php(933): App\Controllers\Home->personas_delete('20')
 6 SYSTEMPATH/CodeIgniter.php(509): CodeIgniter\CodeIgniter->runController(Object(App\Controllers\Home))
 7 SYSTEMPATH/CodeIgniter.php(355): CodeIgniter\CodeIgniter->handleRequest(null, Object(Config\Cache), false)
 8 SYSTEMPATH/Boot.php(312): CodeIgniter\CodeIgniter->run()
 9 SYSTEMPATH/Boot.php(67): CodeIgniter\Boot::runCodeIgniter(Object(CodeIgniter\CodeIgniter))
10 FCPATH/index.php(56): CodeIgniter\Boot::bootWeb(Object(Config\Paths))
CRITICAL - 2024-06-08 09:31:00 --> [Caused by] CodeIgniter\Database\Exceptions\DatabaseException: Cannot delete or update a parent row: a foreign key constraint fails (`db_data`.`empleos`, CONSTRAINT `empleos_ibfk_1` FOREIGN KEY (`id_persona`) REFERENCES `personas` (`id`))
in SYSTEMPATH/Database/MySQLi/Connection.php on line 313.
 1 SYSTEMPATH/Database/BaseConnection.php(722): CodeIgniter\Database\MySQLi\Connection->execute('DELETE FROM `personas`
WHERE `id` IN (\'20\')')
 2 SYSTEMPATH/Database/BaseConnection.php(636): CodeIgniter\Database\BaseConnection->simpleQuery('DELETE FROM `personas`
WHERE `id` IN (\'20\')')
 3 SYSTEMPATH/Database/BaseBuilder.php(2823): CodeIgniter\Database\BaseConnection->query('DELETE FROM `personas`
WHERE `id` IN :id:', [...], false)
 4 SYSTEMPATH/Model.php(510): CodeIgniter\Database\BaseBuilder->delete()
 5 SYSTEMPATH/BaseModel.php(1158): CodeIgniter\Model->doDelete([...], false)
 6 APPPATH/Controllers/Home.php(96): CodeIgniter\BaseModel->delete([...])
 7 SYSTEMPATH/CodeIgniter.php(933): App\Controllers\Home->personas_delete('20')
 8 SYSTEMPATH/CodeIgniter.php(509): CodeIgniter\CodeIgniter->runController(Object(App\Controllers\Home))
 9 SYSTEMPATH/CodeIgniter.php(355): CodeIgniter\CodeIgniter->handleRequest(null, Object(Config\Cache), false)
10 SYSTEMPATH/Boot.php(312): CodeIgniter\CodeIgniter->run()
11 SYSTEMPATH/Boot.php(67): CodeIgniter\Boot::runCodeIgniter(Object(CodeIgniter\CodeIgniter))
12 FCPATH/index.php(56): CodeIgniter\Boot::bootWeb(Object(Config\Paths))
CRITICAL - 2024-06-08 09:31:00 --> [Caused by] mysqli_sql_exception: Cannot delete or update a parent row: a foreign key constraint fails (`db_data`.`empleos`, CONSTRAINT `empleos_ibfk_1` FOREIGN KEY (`id_persona`) REFERENCES `personas` (`id`))
in SYSTEMPATH/Database/MySQLi/Connection.php on line 308.
 1 SYSTEMPATH/Database/MySQLi/Connection.php(308): mysqli->query('DELETE FROM `personas`
WHERE `id` IN (\'20\')', 0)
 2 SYSTEMPATH/Database/BaseConnection.php(722): CodeIgniter\Database\MySQLi\Connection->execute('DELETE FROM `personas`
WHERE `id` IN (\'20\')')
 3 SYSTEMPATH/Database/BaseConnection.php(636): CodeIgniter\Database\BaseConnection->simpleQuery('DELETE FROM `personas`
WHERE `id` IN (\'20\')')
 4 SYSTEMPATH/Database/BaseBuilder.php(2823): CodeIgniter\Database\BaseConnection->query('DELETE FROM `personas`
WHERE `id` IN :id:', [...], false)
 5 SYSTEMPATH/Model.php(510): CodeIgniter\Database\BaseBuilder->delete()
 6 SYSTEMPATH/BaseModel.php(1158): CodeIgniter\Model->doDelete([...], false)
 7 APPPATH/Controllers/Home.php(96): CodeIgniter\BaseModel->delete([...])
 8 SYSTEMPATH/CodeIgniter.php(933): App\Controllers\Home->personas_delete('20')
 9 SYSTEMPATH/CodeIgniter.php(509): CodeIgniter\CodeIgniter->runController(Object(App\Controllers\Home))
10 SYSTEMPATH/CodeIgniter.php(355): CodeIgniter\CodeIgniter->handleRequest(null, Object(Config\Cache), false)
11 SYSTEMPATH/Boot.php(312): CodeIgniter\CodeIgniter->run()
12 SYSTEMPATH/Boot.php(67): CodeIgniter\Boot::runCodeIgniter(Object(CodeIgniter\CodeIgniter))
13 FCPATH/index.php(56): CodeIgniter\Boot::bootWeb(Object(Config\Paths))
WARNING - 2024-06-08 09:31:25 --> [DEPRECATED] Creation of dynamic property App\Controllers\Home::$db is deprecated in APPPATH/Controllers/Home.php on line 15.
 1 SYSTEMPATH/CodeIgniter.php(933): App\Controllers\Home->index()
 2 SYSTEMPATH/CodeIgniter.php(509): CodeIgniter\CodeIgniter->runController(Object(App\Controllers\Home))
 3 SYSTEMPATH/CodeIgniter.php(355): CodeIgniter\CodeIgniter->handleRequest(null, Object(Config\Cache), false)
 4 SYSTEMPATH/Boot.php(312): CodeIgniter\CodeIgniter->run()
 5 SYSTEMPATH/Boot.php(67): CodeIgniter\Boot::runCodeIgniter(Object(CodeIgniter\CodeIgniter))
 6 FCPATH/index.php(56): CodeIgniter\Boot::bootWeb(Object(Config\Paths))
